{"/home/travis/build/npmtest/node-npmtest-electron-installer-squirrel-windows/test.js":{"path":"/home/travis/build/npmtest/node-npmtest-electron-installer-squirrel-windows/test.js","s":{"1":2,"2":2,"3":2,"4":2,"5":2,"6":2,"7":2,"8":1,"9":2,"10":2,"11":1,"12":1,"13":1,"14":1,"15":2,"16":2,"17":2,"18":2,"19":1,"20":1,"21":2,"22":2,"23":2,"24":1,"25":1,"26":1,"27":1,"28":1,"29":1,"30":1,"31":1,"32":1,"33":1,"34":1,"35":1,"36":1,"37":1,"38":1,"39":2,"40":2,"41":1,"42":2,"43":2,"44":1,"45":2,"46":2,"47":1,"48":2,"49":2,"50":1,"51":1,"52":1,"53":1,"54":1},"b":{"1":[2,1,1,1],"2":[1,1,1,1],"3":[1,1],"4":[1,1],"5":[1,1],"6":[1,1],"7":[1,1],"8":[1,1],"9":[1,1],"10":[1,1,1],"11":[1,1],"12":[1,1],"13":[1,1],"14":[1,1],"15":[1,1],"16":[1,1],"17":[1,1]},"f":{"1":2,"2":2,"3":2,"4":2,"5":2,"6":1,"7":1,"8":1,"9":2,"10":2,"11":2,"12":2,"13":1},"fnMap":{"1":{"name":"(anonymous_1)","line":12,"loc":{"start":{"line":12,"column":1},"end":{"line":12,"column":13}}},"2":{"name":"(anonymous_2)","line":19,"loc":{"start":{"line":19,"column":5},"end":{"line":19,"column":17}}},"3":{"name":"(anonymous_3)","line":23,"loc":{"start":{"line":23,"column":24},"end":{"line":23,"column":36}}},"4":{"name":"(anonymous_4)","line":61,"loc":{"start":{"line":61,"column":5},"end":{"line":61,"column":17}}},"5":{"name":"(anonymous_5)","line":82,"loc":{"start":{"line":82,"column":5},"end":{"line":82,"column":17}}},"6":{"name":"(anonymous_6)","line":91,"loc":{"start":{"line":91,"column":77},"end":{"line":94,"column":10}}},"7":{"name":"(anonymous_7)","line":112,"loc":{"start":{"line":112,"column":83},"end":{"line":115,"column":10}},"skip":true},"8":{"name":"(anonymous_8)","line":123,"loc":{"start":{"line":123,"column":77},"end":{"line":126,"column":10}},"skip":true},"9":{"name":"(anonymous_9)","line":139,"loc":{"start":{"line":139,"column":12},"end":{"line":139,"column":40}},"skip":true},"10":{"name":"(anonymous_10)","line":147,"loc":{"start":{"line":147,"column":77},"end":{"line":150,"column":10}},"skip":true},"11":{"name":"(anonymous_11)","line":158,"loc":{"start":{"line":158,"column":83},"end":{"line":161,"column":10}},"skip":true},"12":{"name":"(anonymous_12)","line":169,"loc":{"start":{"line":169,"column":79},"end":{"line":172,"column":10}},"skip":true},"13":{"name":"(anonymous_13)","line":180,"loc":{"start":{"line":180,"column":75},"end":{"line":183,"column":10}},"skip":true}},"statementMap":{"1":{"start":{"line":12,"column":0},"end":{"line":195,"column":5}},"2":{"start":{"line":14,"column":4},"end":{"line":14,"column":14}},"3":{"start":{"line":19,"column":4},"end":{"line":56,"column":9}},"4":{"start":{"line":21,"column":8},"end":{"line":21,"column":19}},"5":{"start":{"line":23,"column":8},"end":{"line":35,"column":13}},"6":{"start":{"line":24,"column":12},"end":{"line":34,"column":13}},"7":{"start":{"line":25,"column":16},"end":{"line":28,"column":30}},"8":{"start":{"line":30,"column":16},"end":{"line":33,"column":27}},"9":{"start":{"line":37,"column":8},"end":{"line":39,"column":21}},"10":{"start":{"line":40,"column":8},"end":{"line":53,"column":9}},"11":{"start":{"line":43,"column":12},"end":{"line":46,"column":14}},"12":{"start":{"line":47,"column":12},"end":{"line":47,"column":18}},"13":{"start":{"line":50,"column":12},"end":{"line":51,"column":46}},"14":{"start":{"line":52,"column":12},"end":{"line":52,"column":18}},"15":{"start":{"line":55,"column":8},"end":{"line":55,"column":35}},"16":{"start":{"line":61,"column":4},"end":{"line":63,"column":9}},"17":{"start":{"line":62,"column":8},"end":{"line":62,"column":15}},"18":{"start":{"line":64,"column":4},"end":{"line":77,"column":5}},"19":{"start":{"line":70,"column":8},"end":{"line":70,"column":14}},"20":{"start":{"line":76,"column":8},"end":{"line":76,"column":14}},"21":{"start":{"line":82,"column":4},"end":{"line":84,"column":9}},"22":{"start":{"line":83,"column":8},"end":{"line":83,"column":15}},"23":{"start":{"line":85,"column":4},"end":{"line":194,"column":5}},"24":{"start":{"line":91,"column":8},"end":{"line":99,"column":10}},"25":{"start":{"line":98,"column":12},"end":{"line":98,"column":35}},"26":{"start":{"line":102,"column":8},"end":{"line":104,"column":63}},"27":{"start":{"line":105,"column":8},"end":{"line":105,"column":14}},"28":{"start":{"line":112,"column":8},"end":{"line":121,"column":10},"skip":true},"29":{"start":{"line":119,"column":12},"end":{"line":119,"column":55},"skip":true},"30":{"start":{"line":120,"column":12},"end":{"line":120,"column":48},"skip":true},"31":{"start":{"line":123,"column":8},"end":{"line":136,"column":10},"skip":true},"32":{"start":{"line":130,"column":12},"end":{"line":130,"column":76},"skip":true},"33":{"start":{"line":131,"column":12},"end":{"line":131,"column":73},"skip":true},"34":{"start":{"line":132,"column":12},"end":{"line":132,"column":74},"skip":true},"35":{"start":{"line":133,"column":12},"end":{"line":133,"column":79},"skip":true},"36":{"start":{"line":134,"column":12},"end":{"line":134,"column":25},"skip":true},"37":{"start":{"line":135,"column":12},"end":{"line":135,"column":45},"skip":true},"38":{"start":{"line":138,"column":8},"end":{"line":145,"column":14},"skip":true},"39":{"start":{"line":143,"column":16},"end":{"line":143,"column":29},"skip":true},"40":{"start":{"line":144,"column":16},"end":{"line":144,"column":55},"skip":true},"41":{"start":{"line":147,"column":8},"end":{"line":156,"column":10},"skip":true},"42":{"start":{"line":154,"column":12},"end":{"line":154,"column":25},"skip":true},"43":{"start":{"line":155,"column":12},"end":{"line":155,"column":45},"skip":true},"44":{"start":{"line":158,"column":8},"end":{"line":167,"column":10},"skip":true},"45":{"start":{"line":165,"column":12},"end":{"line":165,"column":25},"skip":true},"46":{"start":{"line":166,"column":12},"end":{"line":166,"column":48},"skip":true},"47":{"start":{"line":169,"column":8},"end":{"line":178,"column":10},"skip":true},"48":{"start":{"line":176,"column":12},"end":{"line":176,"column":25},"skip":true},"49":{"start":{"line":177,"column":12},"end":{"line":177,"column":46},"skip":true},"50":{"start":{"line":180,"column":8},"end":{"line":189,"column":10},"skip":true},"51":{"start":{"line":187,"column":12},"end":{"line":187,"column":94},"skip":true},"52":{"start":{"line":188,"column":12},"end":{"line":188,"column":48},"skip":true},"53":{"start":{"line":192,"column":8},"end":{"line":192,"column":35},"skip":true},"54":{"start":{"line":193,"column":8},"end":{"line":193,"column":14},"skip":true}},"branchMap":{"1":{"line":25,"type":"binary-expr","locations":[{"start":{"line":25,"column":23},"end":{"line":25,"column":62}},{"start":{"line":26,"column":20},"end":{"line":26,"column":70}},{"start":{"line":27,"column":20},"end":{"line":27,"column":71}},{"start":{"line":28,"column":20},"end":{"line":28,"column":29}}]},"2":{"line":30,"type":"binary-expr","locations":[{"start":{"line":30,"column":23},"end":{"line":30,"column":37}},{"start":{"line":31,"column":20},"end":{"line":31,"column":61}},{"start":{"line":32,"column":20},"end":{"line":32,"column":70}},{"start":{"line":33,"column":20},"end":{"line":33,"column":26}}]},"3":{"line":37,"type":"cond-expr","locations":[{"start":{"line":38,"column":14},"end":{"line":38,"column":20}},{"start":{"line":39,"column":14},"end":{"line":39,"column":20}}]},"4":{"line":40,"type":"switch","locations":[{"start":{"line":42,"column":8},"end":{"line":47,"column":18}},{"start":{"line":49,"column":8},"end":{"line":52,"column":18}}]},"5":{"line":44,"type":"binary-expr","locations":[{"start":{"line":44,"column":16},"end":{"line":44,"column":44}},{"start":{"line":44,"column":48},"end":{"line":44,"column":66}}]},"6":{"line":50,"type":"binary-expr","locations":[{"start":{"line":50,"column":21},"end":{"line":50,"column":49}},{"start":{"line":50,"column":53},"end":{"line":50,"column":72}}]},"7":{"line":64,"type":"switch","locations":[{"start":{"line":69,"column":4},"end":{"line":70,"column":14}},{"start":{"line":75,"column":4},"end":{"line":76,"column":14}}]},"8":{"line":85,"type":"switch","locations":[{"start":{"line":90,"column":4},"end":{"line":105,"column":14}},{"start":{"line":111,"column":4},"end":{"line":193,"column":14},"skip":true}]},"9":{"line":91,"type":"binary-expr","locations":[{"start":{"line":91,"column":42},"end":{"line":91,"column":73}},{"start":{"line":91,"column":77},"end":{"line":99,"column":9}}]},"10":{"line":102,"type":"binary-expr","locations":[{"start":{"line":102,"column":18},"end":{"line":102,"column":32}},{"start":{"line":103,"column":12},"end":{"line":103,"column":53}},{"start":{"line":104,"column":12},"end":{"line":104,"column":61}}]},"11":{"line":112,"type":"binary-expr","locations":[{"start":{"line":112,"column":45},"end":{"line":112,"column":79},"skip":true},{"start":{"line":112,"column":83},"end":{"line":121,"column":9},"skip":true}]},"12":{"line":123,"type":"binary-expr","locations":[{"start":{"line":123,"column":42},"end":{"line":123,"column":73},"skip":true},{"start":{"line":123,"column":77},"end":{"line":136,"column":9},"skip":true}]},"13":{"line":138,"type":"binary-expr","locations":[{"start":{"line":138,"column":48},"end":{"line":138,"column":85},"skip":true},{"start":{"line":139,"column":12},"end":{"line":145,"column":13},"skip":true}]},"14":{"line":147,"type":"binary-expr","locations":[{"start":{"line":147,"column":42},"end":{"line":147,"column":73},"skip":true},{"start":{"line":147,"column":77},"end":{"line":156,"column":9},"skip":true}]},"15":{"line":158,"type":"binary-expr","locations":[{"start":{"line":158,"column":45},"end":{"line":158,"column":79},"skip":true},{"start":{"line":158,"column":83},"end":{"line":167,"column":9},"skip":true}]},"16":{"line":169,"type":"binary-expr","locations":[{"start":{"line":169,"column":43},"end":{"line":169,"column":75},"skip":true},{"start":{"line":169,"column":79},"end":{"line":178,"column":9},"skip":true}]},"17":{"line":180,"type":"binary-expr","locations":[{"start":{"line":180,"column":41},"end":{"line":180,"column":71},"skip":true},{"start":{"line":180,"column":75},"end":{"line":189,"column":9},"skip":true}]}},"code":["/* istanbul instrument in package npmtest_electron_installer_squirrel_windows */","/*jslint","    bitwise: true,","    browser: true,","    maxerr: 8,","    maxlen: 96,","    node: true,","    nomen: true,","    regexp: true,","    stupid: true","*/","(function () {","    'use strict';","    var local;","","","","    // run shared js-env code - pre-init","    (function () {","        // init local","        local = {};","        // init modeJs","        local.modeJs = (function () {","            try {","                return typeof navigator.userAgent === 'string' &&","                    typeof document.querySelector('body') === 'object' &&","                    typeof XMLHttpRequest.prototype.open === 'function' &&","                    'browser';","            } catch (errorCaughtBrowser) {","                return module.exports &&","                    typeof process.versions.node === 'string' &&","                    typeof require('http').createServer === 'function' &&","                    'node';","            }","        }());","        // init global","        local.global = local.modeJs === 'browser'","            ? window","            : global;","        switch (local.modeJs) {","        // re-init local from window.local","        case 'browser':","            local = local.global.utility2.objectSetDefault(","                local.global.utility2_rollup || local.global.local,","                local.global.utility2","            );","            break;","        // re-init local from example.js","        case 'node':","            local = (local.global.utility2_rollup || require('utility2'))","                .requireExampleJsFromReadme();","            break;","        }","        // export local","        local.global.local = local;","    }());","","","","    // run shared js-env code - function","    (function () {","        return;","    }());","    switch (local.modeJs) {","","","","    // run browser js-env code - function","    case 'browser':","        break;","","","","    // run node js-env code - function","    case 'node':","        break;","    }","","","","    // run shared js-env code - post-init","    (function () {","        return;","    }());","    switch (local.modeJs) {","","","","    // run browser js-env code - post-init","    case 'browser':","        local.testCase_browser_nullCase = local.testCase_browser_nullCase || function (","            options,","            onError","        ) {","        /*","         * this function will test browsers's null-case handling-behavior-behavior","         */","            onError(null, options);","        };","","        // run tests","        local.nop(local.modeTest &&","            document.querySelector('#testRunButton1') &&","            document.querySelector('#testRunButton1').click());","        break;","","","","    // run node js-env code - post-init","    /* istanbul ignore next */","    case 'node':","        local.testCase_buildApidoc_default = local.testCase_buildApidoc_default || function (","            options,","            onError","        ) {","        /*","         * this function will test buildApidoc's default handling-behavior-behavior","         */","            options = { modulePathList: module.paths };","            local.buildApidoc(options, onError);","        };","","        local.testCase_buildApp_default = local.testCase_buildApp_default || function (","            options,","            onError","        ) {","        /*","         * this function will test buildApp's default handling-behavior-behavior","         */","            local.testCase_buildReadme_default(options, local.onErrorThrow);","            local.testCase_buildLib_default(options, local.onErrorThrow);","            local.testCase_buildTest_default(options, local.onErrorThrow);","            local.testCase_buildCustomOrg_default(options, local.onErrorThrow);","            options = [];","            local.buildApp(options, onError);","        };","","        local.testCase_buildCustomOrg_default = local.testCase_buildCustomOrg_default ||","            function (options, onError) {","            /*","             * this function will test buildCustomOrg's default handling-behavior","             */","                options = {};","                local.buildCustomOrg(options, onError);","            };","","        local.testCase_buildLib_default = local.testCase_buildLib_default || function (","            options,","            onError","        ) {","        /*","         * this function will test buildLib's default handling-behavior","         */","            options = {};","            local.buildLib(options, onError);","        };","","        local.testCase_buildReadme_default = local.testCase_buildReadme_default || function (","            options,","            onError","        ) {","        /*","         * this function will test buildReadme's default handling-behavior-behavior","         */","            options = {};","            local.buildReadme(options, onError);","        };","","        local.testCase_buildTest_default = local.testCase_buildTest_default || function (","            options,","            onError","        ) {","        /*","         * this function will test buildTest's default handling-behavior","         */","            options = {};","            local.buildTest(options, onError);","        };","","        local.testCase_webpage_default = local.testCase_webpage_default || function (","            options,","            onError","        ) {","        /*","         * this function will test webpage's default handling-behavior","         */","            options = { modeCoverageMerge: true, url: local.serverLocalHost + '?modeTest=1' };","            local.browserTest(options, onError);","        };","","        // run test-server","        local.testRunServer(local);","        break;","    }","}());",""],"l":{"12":2,"14":2,"19":2,"21":2,"23":2,"24":2,"25":2,"30":1,"37":2,"40":2,"43":1,"47":1,"50":1,"52":1,"55":2,"61":2,"62":2,"64":2,"70":1,"76":1,"82":2,"83":2,"85":2,"91":1,"98":1,"102":1,"105":1,"112":1,"119":1,"120":1,"123":1,"130":1,"131":1,"132":1,"133":1,"134":1,"135":1,"138":1,"143":2,"144":2,"147":1,"154":2,"155":2,"158":1,"165":2,"166":2,"169":1,"176":2,"177":2,"180":1,"187":1,"188":1,"192":1,"193":1}},"/home/travis/build/npmtest/node-npmtest-electron-installer-squirrel-windows/lib.npmtest_electron_installer_squirrel_windows.js":{"path":"/home/travis/build/npmtest/node-npmtest-electron-installer-squirrel-windows/lib.npmtest_electron_installer_squirrel_windows.js","s":{"1":2,"2":2,"3":2,"4":2,"5":2,"6":2,"7":2,"8":1,"9":2,"10":2,"11":2,"12":2,"13":1,"14":1,"15":1,"16":1},"b":{"1":[2,1,1,1],"2":[1,1,1,1],"3":[1,1],"4":[2,2],"5":[1,1]},"f":{"1":2,"2":2,"3":2},"fnMap":{"1":{"name":"(anonymous_1)","line":12,"loc":{"start":{"line":12,"column":1},"end":{"line":12,"column":13}}},"2":{"name":"(anonymous_2)","line":19,"loc":{"start":{"line":19,"column":5},"end":{"line":19,"column":17}}},"3":{"name":"(anonymous_3)","line":23,"loc":{"start":{"line":23,"column":24},"end":{"line":23,"column":36}}}},"statementMap":{"1":{"start":{"line":12,"column":0},"end":{"line":53,"column":5}},"2":{"start":{"line":14,"column":4},"end":{"line":14,"column":14}},"3":{"start":{"line":19,"column":4},"end":{"line":52,"column":9}},"4":{"start":{"line":21,"column":8},"end":{"line":21,"column":19}},"5":{"start":{"line":23,"column":8},"end":{"line":35,"column":13}},"6":{"start":{"line":24,"column":12},"end":{"line":34,"column":13}},"7":{"start":{"line":25,"column":16},"end":{"line":28,"column":30}},"8":{"start":{"line":30,"column":16},"end":{"line":33,"column":27}},"9":{"start":{"line":37,"column":8},"end":{"line":39,"column":21}},"10":{"start":{"line":41,"column":8},"end":{"line":41,"column":54}},"11":{"start":{"line":43,"column":8},"end":{"line":43,"column":80}},"12":{"start":{"line":45,"column":8},"end":{"line":51,"column":9}},"13":{"start":{"line":46,"column":12},"end":{"line":46,"column":86}},"14":{"start":{"line":48,"column":12},"end":{"line":48,"column":35}},"15":{"start":{"line":49,"column":12},"end":{"line":49,"column":49}},"16":{"start":{"line":50,"column":12},"end":{"line":50,"column":43}}},"branchMap":{"1":{"line":25,"type":"binary-expr","locations":[{"start":{"line":25,"column":23},"end":{"line":25,"column":62}},{"start":{"line":26,"column":20},"end":{"line":26,"column":70}},{"start":{"line":27,"column":20},"end":{"line":27,"column":71}},{"start":{"line":28,"column":20},"end":{"line":28,"column":29}}]},"2":{"line":30,"type":"binary-expr","locations":[{"start":{"line":30,"column":23},"end":{"line":30,"column":37}},{"start":{"line":31,"column":20},"end":{"line":31,"column":61}},{"start":{"line":32,"column":20},"end":{"line":32,"column":70}},{"start":{"line":33,"column":20},"end":{"line":33,"column":26}}]},"3":{"line":37,"type":"cond-expr","locations":[{"start":{"line":38,"column":14},"end":{"line":38,"column":20}},{"start":{"line":39,"column":14},"end":{"line":39,"column":20}}]},"4":{"line":41,"type":"binary-expr","locations":[{"start":{"line":41,"column":16},"end":{"line":41,"column":44}},{"start":{"line":41,"column":48},"end":{"line":41,"column":53}}]},"5":{"line":45,"type":"if","locations":[{"start":{"line":45,"column":8},"end":{"line":45,"column":8}},{"start":{"line":45,"column":8},"end":{"line":45,"column":8}}]}},"code":["/* istanbul instrument in package npmtest_electron_installer_squirrel_windows */","/*jslint","    bitwise: true,","    browser: true,","    maxerr: 8,","    maxlen: 96,","    node: true,","    nomen: true,","    regexp: true,","    stupid: true","*/","(function () {","    'use strict';","    var local;","","","","    // run shared js-env code - pre-init","    (function () {","        // init local","        local = {};","        // init modeJs","        local.modeJs = (function () {","            try {","                return typeof navigator.userAgent === 'string' &&","                    typeof document.querySelector('body') === 'object' &&","                    typeof XMLHttpRequest.prototype.open === 'function' &&","                    'browser';","            } catch (errorCaughtBrowser) {","                return module.exports &&","                    typeof process.versions.node === 'string' &&","                    typeof require('http').createServer === 'function' &&","                    'node';","            }","        }());","        // init global","        local.global = local.modeJs === 'browser'","            ? window","            : global;","        // init utility2_rollup","        local = local.global.utility2_rollup || local;","        // init lib","        local.local = local.npmtest_electron_installer_squirrel_windows = local;","        // init exports","        if (local.modeJs === 'browser') {","            local.global.utility2_npmtest_electron_installer_squirrel_windows = local;","        } else {","            module.exports = local;","            module.exports.__dirname = __dirname;","            module.exports.module = module;","        }","    }());","}());",""],"l":{"12":2,"14":2,"19":2,"21":2,"23":2,"24":2,"25":2,"30":1,"37":2,"41":2,"43":2,"45":2,"46":1,"48":1,"49":1,"50":1}},"/home/travis/build/npmtest/node-npmtest-electron-installer-squirrel-windows/example.js":{"path":"/home/travis/build/npmtest/node-npmtest-electron-installer-squirrel-windows/example.js","s":{"1":2,"2":2,"3":2,"4":2,"5":2,"6":2,"7":2,"8":1,"9":2,"10":2,"11":2,"12":2,"13":1,"14":2,"15":2,"16":2,"17":2,"18":2,"19":0,"20":2,"21":1,"22":1,"23":1,"24":1,"25":1,"26":0,"27":0,"28":1,"29":1,"30":2,"31":0,"32":0,"33":0,"34":1,"35":2,"36":2,"37":3,"38":3,"39":3,"40":3,"41":0,"42":3,"43":3,"44":3,"45":1,"46":3,"47":1,"48":1,"49":1,"50":1,"51":1,"52":1,"53":1,"54":1,"55":1,"56":1,"57":0,"58":1,"59":6,"60":6,"61":1,"62":2,"63":0,"64":2,"65":1,"66":1,"67":0,"68":0,"69":0,"70":0,"71":0,"72":0,"73":0,"74":0,"75":0,"76":0,"77":0,"78":0,"79":0,"80":0,"81":0,"82":0,"83":0},"b":{"1":[2,1,1,1],"2":[1,1,1,1],"3":[1,1],"4":[2,2],"5":[1,1],"6":[1,1],"7":[2,0],"8":[2,1,1,1,1,1],"9":[0,2,0],"10":[1,1],"11":[2,1,1],"12":[1,0],"13":[0,2],"14":[2,0,0,0,0,0,0],"15":[0,3],"16":[3,0],"17":[1,1],"18":[0,1],"19":[1,2,0,2],"20":[1,0],"21":[1,1],"22":[0,0],"23":[0,0],"24":[0,0],"25":[0,0],"26":[0,0],"27":[0,0],"28":[0,0]},"f":{"1":2,"2":2,"3":2,"4":2,"5":2,"6":2,"7":3,"8":3,"9":3,"10":1,"11":6,"12":0},"fnMap":{"1":{"name":"(anonymous_1)","line":26,"loc":{"start":{"line":26,"column":1},"end":{"line":26,"column":13}}},"2":{"name":"(anonymous_2)","line":33,"loc":{"start":{"line":33,"column":5},"end":{"line":33,"column":17}}},"3":{"name":"(anonymous_3)","line":37,"loc":{"start":{"line":37,"column":24},"end":{"line":37,"column":36}}},"4":{"name":"(anonymous_4)","line":69,"loc":{"start":{"line":69,"column":31},"end":{"line":69,"column":48}},"skip":true},"5":{"name":"(anonymous_5)","line":78,"loc":{"start":{"line":78,"column":26},"end":{"line":78,"column":45}},"skip":true},"6":{"name":"(anonymous_6)","line":123,"loc":{"start":{"line":123,"column":33},"end":{"line":123,"column":48}},"skip":true},"7":{"name":"(anonymous_7)","line":125,"loc":{"start":{"line":125,"column":27},"end":{"line":125,"column":39}},"skip":true},"8":{"name":"(anonymous_8)","line":133,"loc":{"start":{"line":133,"column":59},"end":{"line":133,"column":74}},"skip":true},"9":{"name":"(anonymous_9)","line":143,"loc":{"start":{"line":143,"column":45},"end":{"line":143,"column":62}},"skip":true},"10":{"name":"(anonymous_10)","line":144,"loc":{"start":{"line":144,"column":73},"end":{"line":144,"column":92}},"skip":true},"11":{"name":"(anonymous_11)","line":272,"loc":{"start":{"line":272,"column":51},"end":{"line":272,"column":77}},"skip":true},"12":{"name":"(anonymous_12)","line":315,"loc":{"start":{"line":315,"column":32},"end":{"line":315,"column":61}},"skip":true}},"statementMap":{"1":{"start":{"line":26,"column":0},"end":{"line":326,"column":5}},"2":{"start":{"line":28,"column":4},"end":{"line":28,"column":14}},"3":{"start":{"line":33,"column":4},"end":{"line":60,"column":9}},"4":{"start":{"line":35,"column":8},"end":{"line":35,"column":19}},"5":{"start":{"line":37,"column":8},"end":{"line":49,"column":13}},"6":{"start":{"line":38,"column":12},"end":{"line":48,"column":13}},"7":{"start":{"line":39,"column":16},"end":{"line":42,"column":30}},"8":{"start":{"line":44,"column":16},"end":{"line":47,"column":27}},"9":{"start":{"line":51,"column":8},"end":{"line":53,"column":21}},"10":{"start":{"line":55,"column":8},"end":{"line":57,"column":45}},"11":{"start":{"line":59,"column":8},"end":{"line":59,"column":35}},"12":{"start":{"line":61,"column":4},"end":{"line":325,"column":5}},"13":{"start":{"line":69,"column":8},"end":{"line":121,"column":10},"skip":true},"14":{"start":{"line":70,"column":12},"end":{"line":88,"column":13},"skip":true},"15":{"start":{"line":76,"column":16},"end":{"line":87,"column":19},"skip":true},"16":{"start":{"line":79,"column":20},"end":{"line":86,"column":21},"skip":true},"17":{"start":{"line":82,"column":24},"end":{"line":82,"column":43},"skip":true},"18":{"start":{"line":83,"column":24},"end":{"line":83,"column":30},"skip":true},"19":{"start":{"line":85,"column":24},"end":{"line":85,"column":49},"skip":true},"20":{"start":{"line":89,"column":12},"end":{"line":107,"column":13},"skip":true},"21":{"start":{"line":92,"column":16},"end":{"line":102,"column":17},"skip":true},"22":{"start":{"line":93,"column":20},"end":{"line":93,"column":86},"skip":true},"23":{"start":{"line":94,"column":20},"end":{"line":95,"column":45},"skip":true},"24":{"start":{"line":96,"column":20},"end":{"line":96,"column":42},"skip":true},"25":{"start":{"line":97,"column":20},"end":{"line":97,"column":48},"skip":true},"26":{"start":{"line":100,"column":20},"end":{"line":100,"column":85},"skip":true},"27":{"start":{"line":101,"column":20},"end":{"line":101,"column":96},"skip":true},"28":{"start":{"line":103,"column":16},"end":{"line":103,"column":22},"skip":true},"29":{"start":{"line":106,"column":16},"end":{"line":106,"column":22},"skip":true},"30":{"start":{"line":108,"column":12},"end":{"line":120,"column":13},"skip":true},"31":{"start":{"line":114,"column":16},"end":{"line":119,"column":17},"skip":true},"32":{"start":{"line":116,"column":20},"end":{"line":116,"column":78},"skip":true},"33":{"start":{"line":118,"column":20},"end":{"line":118,"column":47},"skip":true},"34":{"start":{"line":123,"column":8},"end":{"line":141,"column":11},"skip":true},"35":{"start":{"line":124,"column":12},"end":{"line":124,"column":54},"skip":true},"36":{"start":{"line":125,"column":12},"end":{"line":140,"column":14},"skip":true},"37":{"start":{"line":126,"column":16},"end":{"line":126,"column":28},"skip":true},"38":{"start":{"line":127,"column":16},"end":{"line":127,"column":69},"skip":true},"39":{"start":{"line":128,"column":16},"end":{"line":128,"column":75},"skip":true},"40":{"start":{"line":129,"column":16},"end":{"line":131,"column":17},"skip":true},"41":{"start":{"line":130,"column":20},"end":{"line":130,"column":27},"skip":true},"42":{"start":{"line":133,"column":16},"end":{"line":137,"column":36},"skip":true},"43":{"start":{"line":134,"column":20},"end":{"line":136,"column":55},"skip":true},"44":{"start":{"line":139,"column":16},"end":{"line":139,"column":57},"skip":true},"45":{"start":{"line":143,"column":8},"end":{"line":147,"column":11},"skip":true},"46":{"start":{"line":144,"column":12},"end":{"line":146,"column":15},"skip":true},"47":{"start":{"line":145,"column":16},"end":{"line":145,"column":70},"skip":true},"48":{"start":{"line":149,"column":8},"end":{"line":149,"column":31},"skip":true},"49":{"start":{"line":150,"column":8},"end":{"line":150,"column":14},"skip":true},"50":{"start":{"line":158,"column":8},"end":{"line":158,"column":31},"skip":true},"51":{"start":{"line":160,"column":8},"end":{"line":160,"column":33},"skip":true},"52":{"start":{"line":161,"column":8},"end":{"line":161,"column":37},"skip":true},"53":{"start":{"line":162,"column":8},"end":{"line":162,"column":35},"skip":true},"54":{"start":{"line":164,"column":8},"end":{"line":164,"column":50},"skip":true},"55":{"start":{"line":166,"column":8},"end":{"line":256,"column":2},"skip":true},"56":{"start":{"line":258,"column":8},"end":{"line":286,"column":9},"skip":true},"57":{"start":{"line":259,"column":12},"end":{"line":269,"column":14},"skip":true},"58":{"start":{"line":271,"column":12},"end":{"line":285,"column":19},"skip":true},"59":{"start":{"line":274,"column":20},"end":{"line":274,"column":35},"skip":true},"60":{"start":{"line":275,"column":20},"end":{"line":284,"column":21},"skip":true},"61":{"start":{"line":277,"column":24},"end":{"line":277,"column":64},"skip":true},"62":{"start":{"line":279,"column":24},"end":{"line":279,"column":40},"skip":true},"63":{"start":{"line":281,"column":24},"end":{"line":281,"column":40},"skip":true},"64":{"start":{"line":283,"column":24},"end":{"line":283,"column":39},"skip":true},"65":{"start":{"line":288,"column":8},"end":{"line":290,"column":9},"skip":true},"66":{"start":{"line":289,"column":12},"end":{"line":289,"column":18},"skip":true},"67":{"start":{"line":291,"column":8},"end":{"line":293,"column":54},"skip":true},"68":{"start":{"line":296,"column":8},"end":{"line":301,"column":37},"skip":true},"69":{"start":{"line":303,"column":8},"end":{"line":303,"column":82},"skip":true},"70":{"start":{"line":306,"column":8},"end":{"line":308,"column":9},"skip":true},"71":{"start":{"line":307,"column":12},"end":{"line":307,"column":82},"skip":true},"72":{"start":{"line":310,"column":8},"end":{"line":312,"column":9},"skip":true},"73":{"start":{"line":311,"column":12},"end":{"line":311,"column":18},"skip":true},"74":{"start":{"line":313,"column":8},"end":{"line":313,"column":54},"skip":true},"75":{"start":{"line":314,"column":8},"end":{"line":314,"column":69},"skip":true},"76":{"start":{"line":315,"column":8},"end":{"line":323,"column":36},"skip":true},"77":{"start":{"line":316,"column":12},"end":{"line":316,"column":61},"skip":true},"78":{"start":{"line":317,"column":12},"end":{"line":320,"column":13},"skip":true},"79":{"start":{"line":318,"column":16},"end":{"line":318,"column":75},"skip":true},"80":{"start":{"line":319,"column":16},"end":{"line":319,"column":23},"skip":true},"81":{"start":{"line":321,"column":12},"end":{"line":321,"column":38},"skip":true},"82":{"start":{"line":322,"column":12},"end":{"line":322,"column":27},"skip":true},"83":{"start":{"line":324,"column":8},"end":{"line":324,"column":14},"skip":true}},"branchMap":{"1":{"line":39,"type":"binary-expr","locations":[{"start":{"line":39,"column":23},"end":{"line":39,"column":62}},{"start":{"line":40,"column":20},"end":{"line":40,"column":70}},{"start":{"line":41,"column":20},"end":{"line":41,"column":71}},{"start":{"line":42,"column":20},"end":{"line":42,"column":29}}]},"2":{"line":44,"type":"binary-expr","locations":[{"start":{"line":44,"column":23},"end":{"line":44,"column":37}},{"start":{"line":45,"column":20},"end":{"line":45,"column":61}},{"start":{"line":46,"column":20},"end":{"line":46,"column":70}},{"start":{"line":47,"column":20},"end":{"line":47,"column":26}}]},"3":{"line":51,"type":"cond-expr","locations":[{"start":{"line":52,"column":14},"end":{"line":52,"column":20}},{"start":{"line":53,"column":14},"end":{"line":53,"column":20}}]},"4":{"line":55,"type":"binary-expr","locations":[{"start":{"line":55,"column":16},"end":{"line":55,"column":44}},{"start":{"line":55,"column":49},"end":{"line":57,"column":43}}]},"5":{"line":55,"type":"cond-expr","locations":[{"start":{"line":56,"column":14},"end":{"line":56,"column":79}},{"start":{"line":57,"column":14},"end":{"line":57,"column":43}}]},"6":{"line":61,"type":"switch","locations":[{"start":{"line":68,"column":4},"end":{"line":150,"column":14},"skip":true},{"start":{"line":156,"column":4},"end":{"line":324,"column":14},"skip":true}]},"7":{"line":70,"type":"if","locations":[{"start":{"line":70,"column":12},"end":{"line":70,"column":12},"skip":true},{"start":{"line":70,"column":12},"end":{"line":70,"column":12},"skip":true}]},"8":{"line":70,"type":"binary-expr","locations":[{"start":{"line":70,"column":16},"end":{"line":70,"column":22},"skip":true},{"start":{"line":70,"column":27},"end":{"line":70,"column":32},"skip":true},{"start":{"line":71,"column":20},"end":{"line":71,"column":39},"skip":true},{"start":{"line":72,"column":20},"end":{"line":72,"column":49},"skip":true},{"start":{"line":73,"column":20},"end":{"line":73,"column":58},"skip":true},{"start":{"line":74,"column":20},"end":{"line":74,"column":69},"skip":true}]},"9":{"line":79,"type":"switch","locations":[{"start":{"line":80,"column":20},"end":{"line":80,"column":33},"skip":true},{"start":{"line":81,"column":20},"end":{"line":83,"column":30},"skip":true},{"start":{"line":84,"column":20},"end":{"line":85,"column":49},"skip":true}]},"10":{"line":89,"type":"switch","locations":[{"start":{"line":90,"column":12},"end":{"line":103,"column":22},"skip":true},{"start":{"line":105,"column":12},"end":{"line":106,"column":22},"skip":true}]},"11":{"line":89,"type":"binary-expr","locations":[{"start":{"line":89,"column":20},"end":{"line":89,"column":25},"skip":true},{"start":{"line":89,"column":29},"end":{"line":89,"column":48},"skip":true},{"start":{"line":89,"column":52},"end":{"line":89,"column":74},"skip":true}]},"12":{"line":92,"type":"if","locations":[{"start":{"line":92,"column":16},"end":{"line":92,"column":16},"skip":true},{"start":{"line":92,"column":16},"end":{"line":92,"column":16},"skip":true}]},"13":{"line":108,"type":"if","locations":[{"start":{"line":108,"column":12},"end":{"line":108,"column":12},"skip":true},{"start":{"line":108,"column":12},"end":{"line":108,"column":12},"skip":true}]},"14":{"line":108,"type":"binary-expr","locations":[{"start":{"line":108,"column":16},"end":{"line":108,"column":61},"skip":true},{"start":{"line":108,"column":66},"end":{"line":108,"column":72},"skip":true},{"start":{"line":108,"column":77},"end":{"line":108,"column":82},"skip":true},{"start":{"line":109,"column":20},"end":{"line":109,"column":39},"skip":true},{"start":{"line":110,"column":20},"end":{"line":110,"column":49},"skip":true},{"start":{"line":111,"column":20},"end":{"line":111,"column":58},"skip":true},{"start":{"line":112,"column":20},"end":{"line":112,"column":68},"skip":true}]},"15":{"line":129,"type":"if","locations":[{"start":{"line":129,"column":16},"end":{"line":129,"column":16},"skip":true},{"start":{"line":129,"column":16},"end":{"line":129,"column":16},"skip":true}]},"16":{"line":134,"type":"cond-expr","locations":[{"start":{"line":135,"column":26},"end":{"line":135,"column":29},"skip":true},{"start":{"line":136,"column":26},"end":{"line":136,"column":54},"skip":true}]},"17":{"line":164,"type":"binary-expr","locations":[{"start":{"line":164,"column":27},"end":{"line":164,"column":43},"skip":true},{"start":{"line":164,"column":47},"end":{"line":164,"column":49},"skip":true}]},"18":{"line":258,"type":"if","locations":[{"start":{"line":258,"column":8},"end":{"line":258,"column":8},"skip":true},{"start":{"line":258,"column":8},"end":{"line":258,"column":8},"skip":true}]},"19":{"line":275,"type":"switch","locations":[{"start":{"line":276,"column":20},"end":{"line":277,"column":64},"skip":true},{"start":{"line":278,"column":20},"end":{"line":279,"column":40},"skip":true},{"start":{"line":280,"column":20},"end":{"line":281,"column":40},"skip":true},{"start":{"line":282,"column":20},"end":{"line":283,"column":39},"skip":true}]},"20":{"line":288,"type":"if","locations":[{"start":{"line":288,"column":8},"end":{"line":288,"column":8},"skip":true},{"start":{"line":288,"column":8},"end":{"line":288,"column":8},"skip":true}]},"21":{"line":288,"type":"binary-expr","locations":[{"start":{"line":288,"column":12},"end":{"line":288,"column":40},"skip":true},{"start":{"line":288,"column":44},"end":{"line":288,"column":67},"skip":true}]},"22":{"line":292,"type":"binary-expr","locations":[{"start":{"line":292,"column":12},"end":{"line":292,"column":50},"skip":true},{"start":{"line":293,"column":12},"end":{"line":293,"column":53},"skip":true}]},"23":{"line":297,"type":"binary-expr","locations":[{"start":{"line":297,"column":12},"end":{"line":297,"column":93},"skip":true},{"start":{"line":298,"column":12},"end":{"line":301,"column":36},"skip":true}]},"24":{"line":303,"type":"binary-expr","locations":[{"start":{"line":303,"column":43},"end":{"line":303,"column":75},"skip":true},{"start":{"line":303,"column":79},"end":{"line":303,"column":81},"skip":true}]},"25":{"line":306,"type":"if","locations":[{"start":{"line":306,"column":8},"end":{"line":306,"column":8},"skip":true},{"start":{"line":306,"column":8},"end":{"line":306,"column":8},"skip":true}]},"26":{"line":310,"type":"if","locations":[{"start":{"line":310,"column":8},"end":{"line":310,"column":8},"skip":true},{"start":{"line":310,"column":8},"end":{"line":310,"column":8},"skip":true}]},"27":{"line":313,"type":"binary-expr","locations":[{"start":{"line":313,"column":27},"end":{"line":313,"column":43},"skip":true},{"start":{"line":313,"column":47},"end":{"line":313,"column":53},"skip":true}]},"28":{"line":317,"type":"if","locations":[{"start":{"line":317,"column":12},"end":{"line":317,"column":12},"skip":true},{"start":{"line":317,"column":12},"end":{"line":317,"column":12},"skip":true}]}},"code":["/*","example.js","","quickstart example","","instruction","    1. save this script as example.js","    2. run the shell command:","        $ npm install npmtest-electron-installer-squirrel-windows && PORT=8081 node example.js","    3. play with the browser-demo on http://127.0.0.1:8081","*/","","","","/* istanbul instrument in package npmtest_electron_installer_squirrel_windows */","/*jslint","    bitwise: true,","    browser: true,","    maxerr: 8,","    maxlen: 96,","    node: true,","    nomen: true,","    regexp: true,","    stupid: true","*/","(function () {","    'use strict';","    var local;","","","","    // run shared js-env code - pre-init","    (function () {","        // init local","        local = {};","        // init modeJs","        local.modeJs = (function () {","            try {","                return typeof navigator.userAgent === 'string' &&","                    typeof document.querySelector('body') === 'object' &&","                    typeof XMLHttpRequest.prototype.open === 'function' &&","                    'browser';","            } catch (errorCaughtBrowser) {","                return module.exports &&","                    typeof process.versions.node === 'string' &&","                    typeof require('http').createServer === 'function' &&","                    'node';","            }","        }());","        // init global","        local.global = local.modeJs === 'browser'","            ? window","            : global;","        // init utility2_rollup","        local = local.global.utility2_rollup || (local.modeJs === 'browser'","            ? local.global.utility2_npmtest_electron_installer_squirrel_windows","            : global.utility2_moduleExports);","        // export local","        local.global.local = local;","    }());","    switch (local.modeJs) {","","","","    // post-init","    // run browser js-env code - post-init","    /* istanbul ignore next */","    case 'browser':","        local.testRunBrowser = function (event) {","            if (!event || (event &&","                    event.currentTarget &&","                    event.currentTarget.className &&","                    event.currentTarget.className.includes &&","                    event.currentTarget.className.includes('onreset'))) {","                // reset output","                Array.from(","                    document.querySelectorAll('body > .resettable')","                ).forEach(function (element) {","                    switch (element.tagName) {","                    case 'INPUT':","                    case 'TEXTAREA':","                        element.value = '';","                        break;","                    default:","                        element.textContent = '';","                    }","                });","            }","            switch (event && event.currentTarget && event.currentTarget.id) {","            case 'testRunButton1':","                // show tests","                if (document.querySelector('#testReportDiv1').style.display === 'none') {","                    document.querySelector('#testReportDiv1').style.display = 'block';","                    document.querySelector('#testRunButton1').textContent =","                        'hide internal test';","                    local.modeTest = true;","                    local.testRunDefault(local);","                // hide tests","                } else {","                    document.querySelector('#testReportDiv1').style.display = 'none';","                    document.querySelector('#testRunButton1').textContent = 'run internal test';","                }","                break;","            // custom-case","            default:","                break;","            }","            if (document.querySelector('#inputTextareaEval1') && (!event || (event &&","                    event.currentTarget &&","                    event.currentTarget.className &&","                    event.currentTarget.className.includes &&","                    event.currentTarget.className.includes('oneval')))) {","                // try to eval input-code","                try {","                    /*jslint evil: true*/","                    eval(document.querySelector('#inputTextareaEval1').value);","                } catch (errorCaught) {","                    console.error(errorCaught);","                }","            }","        };","        // log stderr and stdout to #outputTextareaStdout1","        ['error', 'log'].forEach(function (key) {","            console[key + '_original'] = console[key];","            console[key] = function () {","                var element;","                console[key + '_original'].apply(console, arguments);","                element = document.querySelector('#outputTextareaStdout1');","                if (!element) {","                    return;","                }","                // append text to #outputTextareaStdout1","                element.value += Array.from(arguments).map(function (arg) {","                    return typeof arg === 'string'","                        ? arg","                        : JSON.stringify(arg, null, 4);","                }).join(' ') + '\\n';","                // scroll textarea to bottom","                element.scrollTop = element.scrollHeight;","            };","        });","        // init event-handling","        ['change', 'click', 'keyup'].forEach(function (event) {","            Array.from(document.querySelectorAll('.on' + event)).forEach(function (element) {","                element.addEventListener(event, local.testRunBrowser);","            });","        });","        // run tests","        local.testRunBrowser();","        break;","","","","    // run node js-env code - post-init","    /* istanbul ignore next */","    case 'node':","        // export local","        module.exports = local;","        // require modules","        local.fs = require('fs');","        local.http = require('http');","        local.url = require('url');","        // init assets","        local.assetsDict = local.assetsDict || {};","        /* jslint-ignore-begin */","        local.assetsDict['/assets.index.template.html'] = '\\","<!doctype html>\\n\\","<html lang=\"en\">\\n\\","<head>\\n\\","<meta charset=\"UTF-8\">\\n\\","<meta name=\"viewport\" content=\"width=device-width, initial-scale=1\">\\n\\","<title>{{env.npm_package_name}} (v{{env.npm_package_version}})</title>\\n\\","<style>\\n\\","/*csslint\\n\\","    box-sizing: false,\\n\\","    universal-selector: false\\n\\","*/\\n\\","* {\\n\\","    box-sizing: border-box;\\n\\","}\\n\\","body {\\n\\","    background: #dde;\\n\\","    font-family: Arial, Helvetica, sans-serif;\\n\\","    margin: 2rem;\\n\\","}\\n\\","body > * {\\n\\","    margin-bottom: 1rem;\\n\\","}\\n\\",".utility2FooterDiv {\\n\\","    margin-top: 20px;\\n\\","    text-align: center;\\n\\","}\\n\\","</style>\\n\\","<style>\\n\\","/*csslint\\n\\","*/\\n\\","textarea {\\n\\","    font-family: monospace;\\n\\","    height: 10rem;\\n\\","    width: 100%;\\n\\","}\\n\\","textarea[readonly] {\\n\\","    background: #ddd;\\n\\","}\\n\\","</style>\\n\\","</head>\\n\\","<body>\\n\\","<!-- utility2-comment\\n\\","<div id=\"ajaxProgressDiv1\" style=\"background: #d00; height: 2px; left: 0; margin: 0; padding: 0; position: fixed; top: 0; transition: background 0.5s, width 1.5s; width: 25%;\"></div>\\n\\","utility2-comment -->\\n\\","<h1>\\n\\","<!-- utility2-comment\\n\\","    <a\\n\\","        {{#if env.npm_package_homepage}}\\n\\","        href=\"{{env.npm_package_homepage}}\"\\n\\","        {{/if env.npm_package_homepage}}\\n\\","        target=\"_blank\"\\n\\","    >\\n\\","utility2-comment -->\\n\\","        {{env.npm_package_name}} (v{{env.npm_package_version}})\\n\\","<!-- utility2-comment\\n\\","    </a>\\n\\","utility2-comment -->\\n\\","</h1>\\n\\","<h3>{{env.npm_package_description}}</h3>\\n\\","<!-- utility2-comment\\n\\","<h4><a download href=\"assets.app.js\">download standalone app</a></h4>\\n\\","<button class=\"onclick onreset\" id=\"testRunButton1\">run internal test</button><br>\\n\\","<div id=\"testReportDiv1\" style=\"display: none;\"></div>\\n\\","utility2-comment -->\\n\\","\\n\\","\\n\\","\\n\\","<label>stderr and stdout</label>\\n\\","<textarea class=\"resettable\" id=\"outputTextareaStdout1\" readonly></textarea>\\n\\","<!-- utility2-comment\\n\\","{{#if isRollup}}\\n\\","<script src=\"assets.app.js\"></script>\\n\\","{{#unless isRollup}}\\n\\","utility2-comment -->\\n\\","<script src=\"assets.utility2.rollup.js\"></script>\\n\\","<script src=\"jsonp.utility2._stateInit?callback=window.utility2._stateInit\"></script>\\n\\","<script src=\"assets.npmtest_electron_installer_squirrel_windows.rollup.js\"></script>\\n\\","<script src=\"assets.example.js\"></script>\\n\\","<script src=\"assets.test.js\"></script>\\n\\","<!-- utility2-comment\\n\\","{{/if isRollup}}\\n\\","utility2-comment -->\\n\\","<div class=\"utility2FooterDiv\">\\n\\","    [ this app was created with\\n\\","    <a href=\"https://github.com/kaizhu256/node-utility2\" target=\"_blank\">utility2</a>\\n\\","    ]\\n\\","</div>\\n\\","</body>\\n\\","</html>\\n\\","';","        /* jslint-ignore-end */","        if (local.templateRender) {","            local.assetsDict['/'] = local.templateRender(","                local.assetsDict['/assets.index.template.html'],","                {","                    env: local.objectSetDefault(local.env, {","                        npm_package_description: 'the greatest app in the world!',","                        npm_package_name: 'my-app',","                        npm_package_nameAlias: 'my_app',","                        npm_package_version: '0.0.1'","                    })","                }","            );","        } else {","            local.assetsDict['/'] = local.assetsDict['/assets.index.template.html']","                .replace((/\\{\\{env\\.(\\w+?)\\}\\}/g), function (match0, match1) {","                    // jslint-hack","                    String(match0);","                    switch (match1) {","                    case 'npm_package_description':","                        return 'the greatest app in the world!';","                    case 'npm_package_name':","                        return 'my-app';","                    case 'npm_package_nameAlias':","                        return 'my_app';","                    case 'npm_package_version':","                        return '0.0.1';","                    }","                });","        }","        // run the cli","        if (local.global.utility2_rollup || module !== require.main) {","            break;","        }","        local.assetsDict['/assets.example.js'] =","            local.assetsDict['/assets.example.js'] ||","            local.fs.readFileSync(__filename, 'utf8');","        // bug-workaround - long $npm_package_buildCustomOrg","        /* jslint-ignore-begin */","        local.assetsDict['/assets.npmtest_electron_installer_squirrel_windows.rollup.js'] =","            local.assetsDict['/assets.npmtest_electron_installer_squirrel_windows.rollup.js'] ||","            local.fs.readFileSync(","                local.npmtest_electron_installer_squirrel_windows.__dirname + '/lib.npmtest_electron_installer_squirrel_windows.js',","                'utf8'","            ).replace((/^#!/), '//');","        /* jslint-ignore-end */","        local.assetsDict['/favicon.ico'] = local.assetsDict['/favicon.ico'] || '';","        // if $npm_config_timeout_exit exists,","        // then exit this process after $npm_config_timeout_exit ms","        if (Number(process.env.npm_config_timeout_exit)) {","            setTimeout(process.exit, Number(process.env.npm_config_timeout_exit));","        }","        // start server","        if (local.global.utility2_serverHttp1) {","            break;","        }","        process.env.PORT = process.env.PORT || '8081';","        console.error('server starting on port ' + process.env.PORT);","        local.http.createServer(function (request, response) {","            request.urlParsed = local.url.parse(request.url);","            if (local.assetsDict[request.urlParsed.pathname] !== undefined) {","                response.end(local.assetsDict[request.urlParsed.pathname]);","                return;","            }","            response.statusCode = 404;","            response.end();","        }).listen(process.env.PORT);","        break;","    }","}());",""],"l":{"26":2,"28":2,"33":2,"35":2,"37":2,"38":2,"39":2,"44":1,"51":2,"55":2,"59":2,"61":2,"69":1,"70":2,"76":2,"79":2,"82":2,"83":2,"85":1,"89":2,"92":1,"93":1,"94":1,"96":1,"97":1,"100":1,"101":1,"103":1,"106":1,"108":2,"114":1,"116":1,"118":1,"123":1,"124":2,"125":2,"126":3,"127":3,"128":3,"129":3,"130":1,"133":3,"134":3,"139":3,"143":1,"144":3,"145":1,"149":1,"150":1,"158":1,"160":1,"161":1,"162":1,"164":1,"166":1,"258":1,"259":1,"271":1,"274":6,"275":6,"277":1,"279":2,"281":1,"283":2,"288":1,"289":1,"291":1,"296":1,"303":1,"306":1,"307":1,"310":1,"311":1,"313":1,"314":1,"315":1,"316":1,"317":1,"318":1,"319":1,"321":1,"322":1,"324":1}},"/home/travis/build/npmtest/node-npmtest-electron-installer-squirrel-windows/node_modules/electron-installer-squirrel-windows/index.js":{"path":"/home/travis/build/npmtest/node-npmtest-electron-installer-squirrel-windows/node_modules/electron-installer-squirrel-windows/index.js","s":{"1":1},"b":{},"f":{},"fnMap":{},"statementMap":{"1":{"start":{"line":1,"column":0},"end":{"line":1,"column":34}}},"branchMap":{},"code":["module.exports = require('./lib');",""],"l":{"1":1}},"/home/travis/build/npmtest/node-npmtest-electron-installer-squirrel-windows/node_modules/electron-installer-squirrel-windows/lib/index.js":{"path":"/home/travis/build/npmtest/node-npmtest-electron-installer-squirrel-windows/node_modules/electron-installer-squirrel-windows/lib/index.js","s":{"1":1,"2":1,"3":1,"4":1,"5":1,"6":1,"7":1,"8":1,"9":1,"10":1,"11":1,"12":1,"13":1,"14":1,"15":1,"16":0,"17":0,"18":0,"19":0,"20":0,"21":0,"22":0,"23":0,"24":0,"25":0,"26":0,"27":1,"28":0,"29":0,"30":0,"31":0,"32":0,"33":1,"34":0,"35":0,"36":0,"37":0,"38":0,"39":0,"40":1,"41":0,"42":0,"43":0,"44":0,"45":0,"46":0,"47":0,"48":0,"49":0,"50":0,"51":0,"52":0,"53":0,"54":0,"55":0,"56":0,"57":0,"58":0,"59":1,"60":0,"61":0,"62":0,"63":0,"64":0,"65":0,"66":0,"67":0,"68":0,"69":0,"70":0,"71":0,"72":0,"73":0,"74":0,"75":1,"76":0,"77":0,"78":0,"79":0,"80":0,"81":0,"82":0,"83":0,"84":0,"85":0,"86":0,"87":0,"88":1,"89":1,"90":1,"91":1,"92":1,"93":0,"94":1,"95":1,"96":1,"97":1,"98":1},"b":{"1":[0,0],"2":[0,0],"3":[0,0],"4":[0,0],"5":[0,0],"6":[0,0],"7":[0,0],"8":[0,0],"9":[0,0],"10":[0,0],"11":[0,0],"12":[0,0],"13":[0,0],"14":[0,0],"15":[0,0],"16":[0,0],"17":[1,0]},"f":{"1":0,"2":0,"3":0,"4":0,"5":0,"6":0,"7":0,"8":0,"9":0,"10":0,"11":0,"12":0,"13":0,"14":0,"15":0,"16":0,"17":0,"18":1,"19":1},"fnMap":{"1":{"name":"exec","line":17,"loc":{"start":{"line":17,"column":0},"end":{"line":17,"column":31}}},"2":{"name":"(anonymous_2)","line":20,"loc":{"start":{"line":20,"column":17},"end":{"line":20,"column":34}}},"3":{"name":"(anonymous_3)","line":24,"loc":{"start":{"line":24,"column":27},"end":{"line":24,"column":57}}},"4":{"name":"syncReleases","line":37,"loc":{"start":{"line":37,"column":0},"end":{"line":37,"column":33}}},"5":{"name":"(anonymous_5)","line":40,"loc":{"start":{"line":40,"column":28},"end":{"line":40,"column":39}}},"6":{"name":"createTempDirectory","line":48,"loc":{"start":{"line":48,"column":0},"end":{"line":48,"column":40}}},"7":{"name":"createNugetPkg","line":57,"loc":{"start":{"line":57,"column":0},"end":{"line":57,"column":35}}},"8":{"name":"(anonymous_8)","line":59,"loc":{"start":{"line":59,"column":31},"end":{"line":59,"column":50}}},"9":{"name":"(anonymous_9)","line":68,"loc":{"start":{"line":68,"column":49},"end":{"line":68,"column":63}}},"10":{"name":"(anonymous_10)","line":73,"loc":{"start":{"line":73,"column":32},"end":{"line":73,"column":46}}},"11":{"name":"createSetupExe","line":91,"loc":{"start":{"line":91,"column":0},"end":{"line":91,"column":35}}},"12":{"name":"(anonymous_12)","line":114,"loc":{"start":{"line":114,"column":32},"end":{"line":114,"column":46}}},"13":{"name":"(anonymous_13)","line":117,"loc":{"start":{"line":117,"column":63},"end":{"line":117,"column":77}}},"14":{"name":"checkForExisting","line":125,"loc":{"start":{"line":125,"column":0},"end":{"line":125,"column":37}}},"15":{"name":"(anonymous_15)","line":126,"loc":{"start":{"line":126,"column":14},"end":{"line":126,"column":33}}},"16":{"name":"(anonymous_16)","line":127,"loc":{"start":{"line":127,"column":11},"end":{"line":127,"column":24}}},"17":{"name":"(anonymous_17)","line":130,"loc":{"start":{"line":130,"column":21},"end":{"line":130,"column":38}}},"18":{"name":"(anonymous_18)","line":155,"loc":{"start":{"line":155,"column":17},"end":{"line":155,"column":38}}},"19":{"name":"(anonymous_19)","line":157,"loc":{"start":{"line":157,"column":28},"end":{"line":157,"column":42}}}},"statementMap":{"1":{"start":{"line":1,"column":0},"end":{"line":1,"column":34}},"2":{"start":{"line":2,"column":0},"end":{"line":2,"column":29}},"3":{"start":{"line":3,"column":0},"end":{"line":3,"column":27}},"4":{"start":{"line":4,"column":0},"end":{"line":4,"column":37}},"5":{"start":{"line":5,"column":0},"end":{"line":5,"column":36}},"6":{"start":{"line":6,"column":0},"end":{"line":6,"column":43}},"7":{"start":{"line":7,"column":0},"end":{"line":7,"column":31}},"8":{"start":{"line":8,"column":0},"end":{"line":8,"column":68}},"9":{"start":{"line":9,"column":0},"end":{"line":9,"column":23}},"10":{"start":{"line":11,"column":0},"end":{"line":11,"column":71}},"11":{"start":{"line":12,"column":0},"end":{"line":12,"column":86}},"12":{"start":{"line":13,"column":0},"end":{"line":13,"column":73}},"13":{"start":{"line":14,"column":0},"end":{"line":14,"column":73}},"14":{"start":{"line":15,"column":0},"end":{"line":15,"column":73}},"15":{"start":{"line":17,"column":0},"end":{"line":35,"column":1}},"16":{"start":{"line":18,"column":2},"end":{"line":18,"column":57}},"17":{"start":{"line":20,"column":2},"end":{"line":34,"column":5}},"18":{"start":{"line":21,"column":4},"end":{"line":23,"column":5}},"19":{"start":{"line":22,"column":6},"end":{"line":22,"column":62}},"20":{"start":{"line":24,"column":4},"end":{"line":33,"column":7}},"21":{"start":{"line":25,"column":6},"end":{"line":27,"column":7}},"22":{"start":{"line":26,"column":8},"end":{"line":26,"column":37}},"23":{"start":{"line":28,"column":6},"end":{"line":30,"column":7}},"24":{"start":{"line":29,"column":8},"end":{"line":29,"column":30}},"25":{"start":{"line":31,"column":6},"end":{"line":31,"column":36}},"26":{"start":{"line":32,"column":6},"end":{"line":32,"column":23}},"27":{"start":{"line":37,"column":0},"end":{"line":46,"column":1}},"28":{"start":{"line":38,"column":2},"end":{"line":43,"column":3}},"29":{"start":{"line":39,"column":4},"end":{"line":39,"column":49}},"30":{"start":{"line":40,"column":4},"end":{"line":42,"column":7}},"31":{"start":{"line":41,"column":6},"end":{"line":41,"column":20}},"32":{"start":{"line":45,"column":2},"end":{"line":45,"column":76}},"33":{"start":{"line":48,"column":0},"end":{"line":55,"column":1}},"34":{"start":{"line":49,"column":2},"end":{"line":49,"column":35}},"35":{"start":{"line":50,"column":2},"end":{"line":50,"column":24}},"36":{"start":{"line":51,"column":4},"end":{"line":51,"column":24}},"37":{"start":{"line":52,"column":4},"end":{"line":52,"column":68}},"38":{"start":{"line":53,"column":4},"end":{"line":53,"column":66}},"39":{"start":{"line":54,"column":4},"end":{"line":54,"column":11}},"40":{"start":{"line":57,"column":0},"end":{"line":89,"column":1}},"41":{"start":{"line":58,"column":2},"end":{"line":58,"column":44}},"42":{"start":{"line":59,"column":2},"end":{"line":88,"column":5}},"43":{"start":{"line":60,"column":4},"end":{"line":60,"column":30}},"44":{"start":{"line":60,"column":13},"end":{"line":60,"column":30}},"45":{"start":{"line":62,"column":4},"end":{"line":62,"column":34}},"46":{"start":{"line":63,"column":4},"end":{"line":63,"column":50}},"47":{"start":{"line":65,"column":4},"end":{"line":65,"column":53}},"48":{"start":{"line":67,"column":4},"end":{"line":67,"column":58}},"49":{"start":{"line":68,"column":4},"end":{"line":87,"column":7}},"50":{"start":{"line":69,"column":6},"end":{"line":69,"column":32}},"51":{"start":{"line":69,"column":15},"end":{"line":69,"column":32}},"52":{"start":{"line":71,"column":6},"end":{"line":71,"column":51}},"53":{"start":{"line":72,"column":6},"end":{"line":72,"column":54}},"54":{"start":{"line":73,"column":6},"end":{"line":86,"column":9}},"55":{"start":{"line":74,"column":8},"end":{"line":74,"column":34}},"56":{"start":{"line":74,"column":17},"end":{"line":74,"column":34}},"57":{"start":{"line":76,"column":8},"end":{"line":76,"column":51}},"58":{"start":{"line":77,"column":8},"end":{"line":85,"column":17}},"59":{"start":{"line":91,"column":0},"end":{"line":122,"column":1}},"60":{"start":{"line":92,"column":2},"end":{"line":99,"column":4}},"61":{"start":{"line":101,"column":2},"end":{"line":108,"column":3}},"62":{"start":{"line":102,"column":4},"end":{"line":102,"column":70}},"63":{"start":{"line":103,"column":9},"end":{"line":108,"column":3}},"64":{"start":{"line":104,"column":4},"end":{"line":107,"column":7}},"65":{"start":{"line":110,"column":2},"end":{"line":112,"column":3}},"66":{"start":{"line":111,"column":4},"end":{"line":111,"column":73}},"67":{"start":{"line":114,"column":2},"end":{"line":121,"column":5}},"68":{"start":{"line":115,"column":4},"end":{"line":115,"column":30}},"69":{"start":{"line":115,"column":13},"end":{"line":115,"column":30}},"70":{"start":{"line":116,"column":4},"end":{"line":116,"column":78}},"71":{"start":{"line":117,"column":4},"end":{"line":120,"column":7}},"72":{"start":{"line":118,"column":6},"end":{"line":118,"column":32}},"73":{"start":{"line":118,"column":15},"end":{"line":118,"column":32}},"74":{"start":{"line":119,"column":6},"end":{"line":119,"column":13}},"75":{"start":{"line":125,"column":0},"end":{"line":151,"column":1}},"76":{"start":{"line":126,"column":2},"end":{"line":144,"column":4}},"77":{"start":{"line":127,"column":4},"end":{"line":143,"column":6}},"78":{"start":{"line":128,"column":6},"end":{"line":128,"column":45}},"79":{"start":{"line":130,"column":6},"end":{"line":142,"column":9}},"80":{"start":{"line":131,"column":8},"end":{"line":131,"column":33}},"81":{"start":{"line":131,"column":21},"end":{"line":131,"column":33}},"82":{"start":{"line":133,"column":8},"end":{"line":139,"column":9}},"83":{"start":{"line":134,"column":10},"end":{"line":137,"column":48}},"84":{"start":{"line":138,"column":10},"end":{"line":138,"column":36}},"85":{"start":{"line":140,"column":8},"end":{"line":140,"column":50}},"86":{"start":{"line":141,"column":8},"end":{"line":141,"column":27}},"87":{"start":{"line":146,"column":2},"end":{"line":150,"column":11}},"88":{"start":{"line":155,"column":0},"end":{"line":167,"column":2}},"89":{"start":{"line":156,"column":2},"end":{"line":156,"column":84}},"90":{"start":{"line":157,"column":2},"end":{"line":166,"column":5}},"91":{"start":{"line":158,"column":4},"end":{"line":158,"column":30}},"92":{"start":{"line":158,"column":13},"end":{"line":158,"column":30}},"93":{"start":{"line":159,"column":4},"end":{"line":165,"column":13}},"94":{"start":{"line":169,"column":0},"end":{"line":169,"column":37}},"95":{"start":{"line":170,"column":0},"end":{"line":170,"column":53}},"96":{"start":{"line":171,"column":0},"end":{"line":171,"column":39}},"97":{"start":{"line":172,"column":0},"end":{"line":172,"column":39}},"98":{"start":{"line":173,"column":0},"end":{"line":173,"column":49}}},"branchMap":{"1":{"line":21,"type":"if","locations":[{"start":{"line":21,"column":4},"end":{"line":21,"column":4}},{"start":{"line":21,"column":4},"end":{"line":21,"column":4}}]},"2":{"line":25,"type":"if","locations":[{"start":{"line":25,"column":6},"end":{"line":25,"column":6}},{"start":{"line":25,"column":6},"end":{"line":25,"column":6}}]},"3":{"line":28,"type":"if","locations":[{"start":{"line":28,"column":6},"end":{"line":28,"column":6}},{"start":{"line":28,"column":6},"end":{"line":28,"column":6}}]},"4":{"line":38,"type":"if","locations":[{"start":{"line":38,"column":2},"end":{"line":38,"column":2}},{"start":{"line":38,"column":2},"end":{"line":38,"column":2}}]},"5":{"line":60,"type":"if","locations":[{"start":{"line":60,"column":4},"end":{"line":60,"column":4}},{"start":{"line":60,"column":4},"end":{"line":60,"column":4}}]},"6":{"line":69,"type":"if","locations":[{"start":{"line":69,"column":6},"end":{"line":69,"column":6}},{"start":{"line":69,"column":6},"end":{"line":69,"column":6}}]},"7":{"line":74,"type":"if","locations":[{"start":{"line":74,"column":8},"end":{"line":74,"column":8}},{"start":{"line":74,"column":8},"end":{"line":74,"column":8}}]},"8":{"line":101,"type":"if","locations":[{"start":{"line":101,"column":2},"end":{"line":101,"column":2}},{"start":{"line":101,"column":2},"end":{"line":101,"column":2}}]},"9":{"line":103,"type":"if","locations":[{"start":{"line":103,"column":9},"end":{"line":103,"column":9}},{"start":{"line":103,"column":9},"end":{"line":103,"column":9}}]},"10":{"line":103,"type":"binary-expr","locations":[{"start":{"line":103,"column":13},"end":{"line":103,"column":26}},{"start":{"line":103,"column":30},"end":{"line":103,"column":47}}]},"11":{"line":110,"type":"if","locations":[{"start":{"line":110,"column":2},"end":{"line":110,"column":2}},{"start":{"line":110,"column":2},"end":{"line":110,"column":2}}]},"12":{"line":115,"type":"if","locations":[{"start":{"line":115,"column":4},"end":{"line":115,"column":4}},{"start":{"line":115,"column":4},"end":{"line":115,"column":4}}]},"13":{"line":118,"type":"if","locations":[{"start":{"line":118,"column":6},"end":{"line":118,"column":6}},{"start":{"line":118,"column":6},"end":{"line":118,"column":6}}]},"14":{"line":131,"type":"if","locations":[{"start":{"line":131,"column":8},"end":{"line":131,"column":8}},{"start":{"line":131,"column":8},"end":{"line":131,"column":8}}]},"15":{"line":133,"type":"if","locations":[{"start":{"line":133,"column":8},"end":{"line":133,"column":8}},{"start":{"line":133,"column":8},"end":{"line":133,"column":8}}]},"16":{"line":133,"type":"binary-expr","locations":[{"start":{"line":133,"column":12},"end":{"line":133,"column":18}},{"start":{"line":133,"column":22},"end":{"line":133,"column":36}}]},"17":{"line":158,"type":"if","locations":[{"start":{"line":158,"column":4},"end":{"line":158,"column":4}},{"start":{"line":158,"column":4},"end":{"line":158,"column":4}}]}},"code":["var cp = require('child_process');","var fs = require('fs-extra');","var path = require('path');","var series = require('async').series;","var format = require('util').format;","var _template = require('lodash.template');","var Model = require('./model');","var debug = require('debug')('electron-installer-squirrel-windows');","var os = require('os');","","const NUGET_EXE = path.resolve(__dirname, '..', 'vendor', 'nuget.exe');","const SYNC_RELEASES_EXE = path.resolve(__dirname, '..', 'vendor', 'SyncReleases.exe');","const UPDATE_EXE = path.resolve(__dirname, '..', 'vendor', 'Update.exe');","const UPDATE_COM = path.resolve(__dirname, '..', 'vendor', 'Update.com');","const NUSPEC_TEMPLATE = path.resolve(__dirname, '..', 'template.nuspec');","","function exec(cmd, args, done) {","  debug('exec `%s` with args `%s`', cmd, args.join(' '));","","  fs.exists(cmd, function(exists) {","    if (!exists) {","      return done(new Error('File does not exist at ' + cmd));","    }","    cp.execFile(cmd, args, function(err, stdout, stderr) {","      if (err) {","        console.error('Error ', err);","      }","      if (stderr) {","        console.error(stderr);","      }","      console.log('stdout', stdout);","      return done(err);","    });","  });","}","","function syncReleases(app, done) {","  if (!app.remote_releases) {","    debug('no remote releases.  skipping sync.');","    return process.nextTick(function() {","      return done();","    });","  }","","  exec(SYNC_RELEASES_EXE, ['-u', app.remote_releases, '-r', app.out], done);","}","","function createTempDirectory(app, done) {","  debug('creating temp directory');","  var res = os.tmpdir();","    app.nuget_out = res;","    app.nuspec_path = path.join(app.nuget_out, app.nuspec_filename);","    app.nupkg_path = path.join(app.nuget_out, app.nupkg_filename);","    done();","}","","function createNugetPkg(app, done) {","  debug('generating .nuspec file contents');","  fs.readFile(NUSPEC_TEMPLATE, function(err, buf) {","    if (err) return done(err);","","    var template = _template(buf);","    var nuspecContent = template(app.serialize());","","    debug('.nuspec file contents:\\n', nuspecContent);","","    debug('writing nuspec file to `%s`', app.nuspec_path);","    fs.writeFile(app.nuspec_path, nuspecContent, function(err) {","      if (err) return done(err);","","      var dest = path.join(app.path, 'Update.exe');","      debug('copying `%s` -> `%s`', UPDATE_EXE, dest);","      fs.copy(UPDATE_EXE, dest, function(err) {","        if (err) return done(err);","","        debug('generating `%s`...', app.nuget_out);","        exec(NUGET_EXE, [","          'pack',","          app.nuspec_path,","          '-BasePath',","          app.path,","          '-OutputDirectory',","          app.nuget_out,","          '-NoDefaultExcludes'","        ], done);","      });","    });","  });","}","","function createSetupExe(app, done) {","  var args = [","    '--releasify',","    app.nupkg_path,","    '--releaseDir',","    app.out,","    '--loadingGif',","    app.loading_gif","  ];","","  if (app.sign_with_params) {","    args.push.apply(args, ['--signWithParams', app.sign_with_params]);","  } else if (app.cert_path && app.cert_password) {","    args.push.apply(args, [","      '--signWithParams',","      format('/a /f \"%s\" /p \"%s\"', path.resolve(app.cert_path), app.cert_password)","    ]);","  }","","  if (app.setup_icon) {","    args.push.apply(args, ['--setupIcon', path.resolve(app.setup_icon)]);","  }","","  return exec(UPDATE_COM, args, function(err) {","    if (err) return done(err);","    debug('mv `%s` -> `%s`', path.join(app.out, 'Setup.exe'), app.setup_path);","    fs.rename(path.join(app.out, 'Setup.exe'), app.setup_path, function(err) {","      if (err) return done(err);","      done();","    });","  });","}","","// @todo (imlucas): Move to its own module `electron-installer-overwrite-check`","function checkForExisting(app, done) {","  var check = function(filename) {","    return function(cb) {","      var src = path.join(app.out, filename);","","      fs.exists(src, function(exists) {","        if (!exists) return cb();","","        if (exists && !app.overwrite) {","          var msg = format('`%s` already exists!'","            + ' Run electron-installer-squirrel-windows again with'","            + ' `--overwrite` or just remove the file at `%s` yourself'","            + ' and run again.', filename, src);","          return cb(new Error(msg));","        }","        debug('Removing existing `%s`', filename);","        fs.unlink(src, cb);","      });","    };","  };","","  series([","    check(app.nupkg_filename),","    check(app.setup_filename),","    check('RELEASES')","  ], done);","}","","// @todo (imlucas): Add chokadir to watch `out` for nupkg, RELEASES and setup.exe","// to be created so we can get rid of this silly 20second set timeout in functional tests.","module.exports = function(opts, done) {","  debug('generating squirrel-windows installer for', JSON.stringify(opts, null, 2));","  var app = new Model(opts, function(err) {","    if (err) return done(err);","    series([","      checkForExisting.bind(null, app),","      createTempDirectory.bind(null, app),","      createNugetPkg.bind(null, app),","      syncReleases.bind(null, app),","      createSetupExe.bind(null, app)","    ], done);","  });","};","","module.exports.NUGET_EXE = NUGET_EXE;","module.exports.SYNC_RELEASES_EXE = SYNC_RELEASES_EXE;","module.exports.UPDATE_EXE = UPDATE_EXE;","module.exports.UPDATE_COM = UPDATE_COM;","module.exports.NUSPEC_TEMPLATE = NUSPEC_TEMPLATE;",""],"l":{"1":1,"2":1,"3":1,"4":1,"5":1,"6":1,"7":1,"8":1,"9":1,"11":1,"12":1,"13":1,"14":1,"15":1,"17":1,"18":0,"20":0,"21":0,"22":0,"24":0,"25":0,"26":0,"28":0,"29":0,"31":0,"32":0,"37":1,"38":0,"39":0,"40":0,"41":0,"45":0,"48":1,"49":0,"50":0,"51":0,"52":0,"53":0,"54":0,"57":1,"58":0,"59":0,"60":0,"62":0,"63":0,"65":0,"67":0,"68":0,"69":0,"71":0,"72":0,"73":0,"74":0,"76":0,"77":0,"91":1,"92":0,"101":0,"102":0,"103":0,"104":0,"110":0,"111":0,"114":0,"115":0,"116":0,"117":0,"118":0,"119":0,"125":1,"126":0,"127":0,"128":0,"130":0,"131":0,"133":0,"134":0,"138":0,"140":0,"141":0,"146":0,"155":1,"156":1,"157":1,"158":1,"159":0,"169":1,"170":1,"171":1,"172":1,"173":1}},"/home/travis/build/npmtest/node-npmtest-electron-installer-squirrel-windows/node_modules/electron-installer-squirrel-windows/lib/model.js":{"path":"/home/travis/build/npmtest/node-npmtest-electron-installer-squirrel-windows/node_modules/electron-installer-squirrel-windows/lib/model.js","s":{"1":1,"2":1,"3":1,"4":1,"5":1,"6":1,"7":1,"8":1,"9":1,"10":1,"11":1,"12":1,"13":1,"14":0,"15":0,"16":0,"17":0,"18":0,"19":0,"20":0,"21":0,"22":0,"23":0,"24":0,"25":0,"26":0,"27":0,"28":0,"29":0,"30":0,"31":0,"32":0,"33":0,"34":0,"35":0,"36":0,"37":0,"38":0,"39":0,"40":0,"41":0,"42":0,"43":0,"44":0,"45":0,"46":0,"47":0,"48":0,"49":0,"50":0,"51":0,"52":0,"53":0,"54":0,"55":0,"56":0,"57":0,"58":0,"59":0,"60":0,"61":0,"62":0,"63":0,"64":0,"65":0,"66":0,"67":0,"68":0,"69":0,"70":0,"71":0,"72":0,"73":0,"74":0,"75":0,"76":1,"77":0,"78":1,"79":0,"80":1,"81":1,"82":1,"83":1,"84":0,"85":0,"86":0,"87":0,"88":0,"89":0,"90":0,"91":0,"92":0,"93":0,"94":0,"95":0,"96":0,"97":0,"98":0,"99":0,"100":1},"b":{"1":[0,0],"2":[0,0],"3":[0,0],"4":[0,0],"5":[0,0,0],"6":[0,0],"7":[0,0],"8":[0,0],"9":[0,0],"10":[0,0],"11":[0,0],"12":[0,0],"13":[0,0],"14":[0,0],"15":[0,0],"16":[0,0],"17":[0,0],"18":[0,0],"19":[0,0],"20":[0,0],"21":[0,0],"22":[0,0],"23":[0,1],"24":[0,1],"25":[1,0],"26":[0,0]},"f":{"1":0,"2":0,"3":0,"4":0,"5":0,"6":0,"7":0,"8":0,"9":0,"10":0,"11":0,"12":0,"13":0,"14":1,"15":1,"16":0,"17":0,"18":0,"19":0,"20":0},"fnMap":{"1":{"name":"(anonymous_1)","line":29,"loc":{"start":{"line":29,"column":15},"end":{"line":29,"column":26}}},"2":{"name":"(anonymous_2)","line":59,"loc":{"start":{"line":59,"column":10},"end":{"line":59,"column":21}}},"3":{"name":"(anonymous_3)","line":66,"loc":{"start":{"line":66,"column":10},"end":{"line":66,"column":21}}},"4":{"name":"(anonymous_4)","line":73,"loc":{"start":{"line":73,"column":10},"end":{"line":73,"column":21}}},"5":{"name":"(anonymous_5)","line":80,"loc":{"start":{"line":80,"column":10},"end":{"line":80,"column":21}}},"6":{"name":"(anonymous_6)","line":86,"loc":{"start":{"line":86,"column":10},"end":{"line":86,"column":21}}},"7":{"name":"(anonymous_7)","line":91,"loc":{"start":{"line":91,"column":9},"end":{"line":91,"column":24}}},"8":{"name":"(anonymous_8)","line":137,"loc":{"start":{"line":137,"column":32},"end":{"line":137,"column":47}}},"9":{"name":"(anonymous_9)","line":139,"loc":{"start":{"line":139,"column":21},"end":{"line":139,"column":40}}},"10":{"name":"(anonymous_10)","line":145,"loc":{"start":{"line":145,"column":19},"end":{"line":145,"column":34}}},"11":{"name":"(anonymous_11)","line":149,"loc":{"start":{"line":149,"column":25},"end":{"line":149,"column":42}}},"12":{"name":"(anonymous_12)","line":157,"loc":{"start":{"line":157,"column":8},"end":{"line":157,"column":41}}},"13":{"name":"(anonymous_13)","line":167,"loc":{"start":{"line":167,"column":25},"end":{"line":167,"column":45}}},"14":{"name":"(anonymous_14)","line":176,"loc":{"start":{"line":176,"column":14},"end":{"line":176,"column":33}}},"15":{"name":"(anonymous_15)","line":185,"loc":{"start":{"line":185,"column":23},"end":{"line":185,"column":34}}},"16":{"name":"(anonymous_16)","line":195,"loc":{"start":{"line":195,"column":20},"end":{"line":195,"column":36}}},"17":{"name":"(anonymous_17)","line":199,"loc":{"start":{"line":199,"column":21},"end":{"line":199,"column":42}}},"18":{"name":"(anonymous_18)","line":206,"loc":{"start":{"line":206,"column":13},"end":{"line":206,"column":24}}},"19":{"name":"(anonymous_19)","line":211,"loc":{"start":{"line":211,"column":25},"end":{"line":211,"column":46}}},"20":{"name":"(anonymous_20)","line":214,"loc":{"start":{"line":214,"column":28},"end":{"line":214,"column":49}}}},"statementMap":{"1":{"start":{"line":1,"column":0},"end":{"line":1,"column":74}},"2":{"start":{"line":2,"column":0},"end":{"line":2,"column":27}},"3":{"start":{"line":3,"column":0},"end":{"line":3,"column":39}},"4":{"start":{"line":4,"column":0},"end":{"line":4,"column":29}},"5":{"start":{"line":5,"column":0},"end":{"line":5,"column":27}},"6":{"start":{"line":6,"column":0},"end":{"line":6,"column":37}},"7":{"start":{"line":7,"column":0},"end":{"line":7,"column":36}},"8":{"start":{"line":8,"column":0},"end":{"line":8,"column":38}},"9":{"start":{"line":9,"column":0},"end":{"line":9,"column":37}},"10":{"start":{"line":10,"column":0},"end":{"line":10,"column":37}},"11":{"start":{"line":11,"column":0},"end":{"line":11,"column":36}},"12":{"start":{"line":13,"column":0},"end":{"line":13,"column":57}},"13":{"start":{"line":16,"column":0},"end":{"line":219,"column":3}},"14":{"start":{"line":34,"column":8},"end":{"line":34,"column":41}},"15":{"start":{"line":60,"column":8},"end":{"line":60,"column":46}},"16":{"start":{"line":60,"column":29},"end":{"line":60,"column":46}},"17":{"start":{"line":61,"column":8},"end":{"line":61,"column":53}},"18":{"start":{"line":67,"column":8},"end":{"line":67,"column":41}},"19":{"start":{"line":67,"column":24},"end":{"line":67,"column":41}},"20":{"start":{"line":68,"column":8},"end":{"line":68,"column":49}},"21":{"start":{"line":74,"column":8},"end":{"line":74,"column":64}},"22":{"start":{"line":74,"column":47},"end":{"line":74,"column":64}},"23":{"start":{"line":75,"column":8},"end":{"line":75,"column":56}},"24":{"start":{"line":81,"column":8},"end":{"line":81,"column":50}},"25":{"start":{"line":87,"column":8},"end":{"line":87,"column":66}},"26":{"start":{"line":92,"column":4},"end":{"line":92,"column":35}},"27":{"start":{"line":93,"column":4},"end":{"line":93,"column":73}},"28":{"start":{"line":94,"column":4},"end":{"line":94,"column":75}},"29":{"start":{"line":95,"column":4},"end":{"line":95,"column":50}},"30":{"start":{"line":97,"column":4},"end":{"line":99,"column":5}},"31":{"start":{"line":98,"column":6},"end":{"line":98,"column":57}},"32":{"start":{"line":100,"column":4},"end":{"line":102,"column":5}},"33":{"start":{"line":101,"column":6},"end":{"line":101,"column":45}},"34":{"start":{"line":104,"column":4},"end":{"line":104,"column":59}},"35":{"start":{"line":105,"column":4},"end":{"line":107,"column":5}},"36":{"start":{"line":106,"column":6},"end":{"line":106,"column":46}},"37":{"start":{"line":109,"column":4},"end":{"line":111,"column":5}},"38":{"start":{"line":110,"column":6},"end":{"line":110,"column":33}},"39":{"start":{"line":113,"column":4},"end":{"line":115,"column":5}},"40":{"start":{"line":114,"column":6},"end":{"line":114,"column":37}},"41":{"start":{"line":117,"column":4},"end":{"line":117,"column":50}},"42":{"start":{"line":118,"column":4},"end":{"line":120,"column":5}},"43":{"start":{"line":119,"column":6},"end":{"line":119,"column":40}},"44":{"start":{"line":122,"column":4},"end":{"line":124,"column":5}},"45":{"start":{"line":123,"column":6},"end":{"line":123,"column":78}},"46":{"start":{"line":126,"column":4},"end":{"line":128,"column":5}},"47":{"start":{"line":127,"column":6},"end":{"line":127,"column":61}},"48":{"start":{"line":130,"column":4},"end":{"line":132,"column":5}},"49":{"start":{"line":131,"column":6},"end":{"line":131,"column":32}},"50":{"start":{"line":134,"column":4},"end":{"line":134,"column":52}},"51":{"start":{"line":135,"column":4},"end":{"line":135,"column":16}},"52":{"start":{"line":138,"column":4},"end":{"line":138,"column":63}},"53":{"start":{"line":139,"column":4},"end":{"line":143,"column":7}},"54":{"start":{"line":140,"column":6},"end":{"line":140,"column":32}},"55":{"start":{"line":140,"column":15},"end":{"line":140,"column":32}},"56":{"start":{"line":142,"column":6},"end":{"line":142,"column":34}},"57":{"start":{"line":146,"column":4},"end":{"line":148,"column":5}},"58":{"start":{"line":147,"column":6},"end":{"line":147,"column":53}},"59":{"start":{"line":149,"column":4},"end":{"line":155,"column":18}},"60":{"start":{"line":150,"column":6},"end":{"line":154,"column":7}},"61":{"start":{"line":151,"column":8},"end":{"line":151,"column":76}},"62":{"start":{"line":153,"column":8},"end":{"line":153,"column":48}},"63":{"start":{"line":158,"column":4},"end":{"line":158,"column":29}},"64":{"start":{"line":159,"column":4},"end":{"line":159,"column":27}},"65":{"start":{"line":160,"column":4},"end":{"line":160,"column":57}},"66":{"start":{"line":162,"column":4},"end":{"line":162,"column":35}},"67":{"start":{"line":163,"column":4},"end":{"line":163,"column":27}},"68":{"start":{"line":164,"column":4},"end":{"line":164,"column":26}},"69":{"start":{"line":165,"column":4},"end":{"line":165,"column":74}},"70":{"start":{"line":167,"column":4},"end":{"line":174,"column":7}},"71":{"start":{"line":168,"column":6},"end":{"line":171,"column":7}},"72":{"start":{"line":169,"column":8},"end":{"line":169,"column":49}},"73":{"start":{"line":170,"column":8},"end":{"line":170,"column":25}},"74":{"start":{"line":172,"column":6},"end":{"line":172,"column":40}},"75":{"start":{"line":173,"column":6},"end":{"line":173,"column":22}},"76":{"start":{"line":177,"column":4},"end":{"line":181,"column":5}},"77":{"start":{"line":178,"column":6},"end":{"line":180,"column":8}},"78":{"start":{"line":182,"column":4},"end":{"line":182,"column":20}},"79":{"start":{"line":182,"column":13},"end":{"line":182,"column":20}},"80":{"start":{"line":184,"column":4},"end":{"line":189,"column":5}},"81":{"start":{"line":185,"column":6},"end":{"line":187,"column":9}},"82":{"start":{"line":186,"column":8},"end":{"line":186,"column":60}},"83":{"start":{"line":188,"column":6},"end":{"line":188,"column":13}},"84":{"start":{"line":191,"column":4},"end":{"line":193,"column":5}},"85":{"start":{"line":192,"column":6},"end":{"line":192,"column":47}},"86":{"start":{"line":195,"column":4},"end":{"line":198,"column":7}},"87":{"start":{"line":196,"column":6},"end":{"line":196,"colum
[...]
umn":12},"end":{"line":74,"column":21}},{"start":{"line":74,"column":25},"end":{"line":74,"column":45}}]},"5":{"line":94,"type":"binary-expr","locations":[{"start":{"line":94,"column":24},"end":{"line":94,"column":41}},{"start":{"line":94,"column":45},"end":{"line":94,"column":61}},{"start":{"line":94,"column":65},"end":{"line":94,"column":74}}]},"6":{"line":95,"type":"binary-expr","locations":[{"start":{"line":95,"column":20},"end":{"line":95,"column":33}},{"start":{"line":95,"column":37},"end":{"line":95,"column":49}}]},"7":{"line":97,"type":"if","locations":[{"start":{"line":97,"column":4},"end":{"line":97,"column":4}},{"start":{"line":97,"column":4},"end":{"line":97,"column":4}}]},"8":{"line":98,"type":"cond-expr","locations":[{"start":{"line":98,"column":35},"end":{"line":98,"column":51}},{"start":{"line":98,"column":54},"end":{"line":98,"column":56}}]},"9":{"line":100,"type":"if","locations":[{"start":{"line":100,"column":4},"end":{"line":100,"column":4}},{"start":{"line":100,"column":4},"end":{"line":100,"column":4}}]},"10":{"line":104,"type":"binary-expr","locations":[{"start":{"line":104,"column":23},"end":{"line":104,"column":39}},{"start":{"line":104,"column":43},"end":{"line":104,"column":58}}]},"11":{"line":105,"type":"if","locations":[{"start":{"line":105,"column":4},"end":{"line":105,"column":4}},{"start":{"line":105,"column":4},"end":{"line":105,"column":4}}]},"12":{"line":109,"type":"if","locations":[{"start":{"line":109,"column":4},"end":{"line":109,"column":4}},{"start":{"line":109,"column":4},"end":{"line":109,"column":4}}]},"13":{"line":113,"type":"if","locations":[{"start":{"line":113,"column":4},"end":{"line":113,"column":4}},{"start":{"line":113,"column":4},"end":{"line":113,"column":4}}]},"14":{"line":117,"type":"binary-expr","locations":[{"start":{"line":117,"column":20},"end":{"line":117,"column":33}},{"start":{"line":117,"column":37},"end":{"line":117,"column":49}}]},"15":{"line":118,"type":"if","locations":[{"start":{"line":118,"column":4},"end":{"line":118,"column":4}},{"start":{"line":118,"column":4},"end":{"line":118,"column":4}}]},"16":{"line":122,"type":"if","locations":[{"start":{"line":122,"column":4},"end":{"line":122,"column":4}},{"start":{"line":122,"column":4},"end":{"line":122,"column":4}}]},"17":{"line":126,"type":"if","locations":[{"start":{"line":126,"column":4},"end":{"line":126,"column":4}},{"start":{"line":126,"column":4},"end":{"line":126,"column":4}}]},"18":{"line":130,"type":"if","locations":[{"start":{"line":130,"column":4},"end":{"line":130,"column":4}},{"start":{"line":130,"column":4},"end":{"line":130,"column":4}}]},"19":{"line":140,"type":"if","locations":[{"start":{"line":140,"column":6},"end":{"line":140,"column":6}},{"start":{"line":140,"column":6},"end":{"line":140,"column":6}}]},"20":{"line":146,"type":"if","locations":[{"start":{"line":146,"column":4},"end":{"line":146,"column":4}},{"start":{"line":146,"column":4},"end":{"line":146,"column":4}}]},"21":{"line":150,"type":"if","locations":[{"start":{"line":150,"column":6},"end":{"line":150,"column":6}},{"start":{"line":150,"column":6},"end":{"line":150,"column":6}}]},"22":{"line":168,"type":"if","locations":[{"start":{"line":168,"column":6},"end":{"line":168,"column":6}},{"start":{"line":168,"column":6},"end":{"line":168,"column":6}}]},"23":{"line":177,"type":"if","locations":[{"start":{"line":177,"column":4},"end":{"line":177,"column":4}},{"start":{"line":177,"column":4},"end":{"line":177,"column":4}}]},"24":{"line":182,"type":"if","locations":[{"start":{"line":182,"column":4},"end":{"line":182,"column":4}},{"start":{"line":182,"column":4},"end":{"line":182,"column":4}}]},"25":{"line":184,"type":"if","locations":[{"start":{"line":184,"column":4},"end":{"line":184,"column":4}},{"start":{"line":184,"column":4},"end":{"line":184,"column":4}}]},"26":{"line":191,"type":"if","locations":[{"start":{"line":191,"column":4},"end":{"line":191,"column":4}},{"start":{"line":191,"column":4},"end":{"line":191,"column":4}}]}},"code":["var debug = require('debug')('electron-installer-squirrel-windows:model');","var asar = require('asar');","var Model = require('ampersand-model');","var fs = require('fs-extra');","var path = require('path');","var each = require('lodash.foreach');","var clone = require('lodash.clone');","var assign = require('lodash.assign');","var titlecase = require('titlecase');","var defaults = require('./defaults');","var format = require('util').format;","","var createSyncErrback = require('./create-sync-errback');","","// @todo (imlucas): move this to `electron-installer-model`","var App = Model.extend({","  props: {","    name: 'string',","    version: 'string',","    description: 'string',","    copyright: 'string',","    // Path to the app.","    path: 'string',","    // Directory to put installers in.","    out: 'string',","    product_name: 'string',","    electron_version: {","      type: 'string',","      default: function() {","        // @todo (imlucas): make a module that just has the latest electron","        // version number, e.g.","        // require('electron-latest-version');","        // -> '0.29.2'","        return defaults.ELECTRON_VERSION;","      }","    },","    authors: 'string',","    owners: 'string',","    title: 'string',","    exe: 'string',","    icon_url: 'string',","    setup_icon: 'string',","    loading_gif: 'string',","    cert_path: 'string',","    cert_password: 'string',","    sign_with_params: 'string',","    remote_releases: 'string',","    setup_filename: 'string',","    // @todo (imlucas): Support squirrel.windows `setup_icon`.","    nuget_id: 'string',","    overwrite: {","      type: 'boolean',","      default: false","    }","  },","  derived: {","    asar: {","      deps: ['resources'],","      fn: function() {","        if (!this.resources) return undefined;","        return path.join(this.resources, 'app.asar');","      }","    },","    resources: {","      deps: ['path'],","      fn: function() {","        if (!this.path) return undefined;","        return path.join(this.path, 'resources');","      }","    },","    setup_path: {","      deps: ['out', 'setup_filename'],","      fn: function() {","        if (!this.out || !this.setup_filename) return undefined;","        return path.join(this.out, this.setup_filename);","      }","    },","    nuspec_filename: {","      deps: ['nuget_id'],","      fn: function() {","        return format('%s.nuspec', this.nuget_id);","      }","    },","    nupkg_filename: {","      deps: ['name', 'version'],","      fn: function() {","        return format('%s.%s.nupkg', this.nuget_id, this.version);","      }","    }","  },","  parse: function(resp) {","    resp.name_original = resp.name;","    resp.name = titlecase(resp.name.replace(/-/g, ' ')).replace(/ /, '');","    resp.product_name = resp.product_name || resp.productName || resp.name;","    resp.icon_url = resp.icon_url || resp.iconUrl;","","    if (!resp.authors) {","      resp.authors = resp.author ? resp.author.name : '';","    }","    if (!resp.exe) {","      resp.exe = format('%s.exe', resp.name);","    }","","    resp.loading_gif = resp.loading_gif || resp.loadingGif;","    if (!resp.loading_gif) {","      resp.loading_gif = defaults.LOADING_GIF;","    }","","    if (!resp.owners) {","      resp.owners = resp.authors;","    }","","    if (!resp.title) {","      resp.title = resp.product_name;","    }","","    resp.icon_url = resp.icon_url || resp.iconUrl;","    if (!resp.icon_url) {","      resp.icon_url = defaults.ICON_URL;","    }","","    if (!resp.copyright) {","      resp.copyright = format('%s %s', new Date().getFullYear(), resp.owners);","    }","","    if (!resp.setup_filename) {","      resp.setup_filename = format('%sSetup.exe', resp.name);","    }","","    if (!resp.nuget_id) {","      resp.nuget_id = resp.name;","    }","","    resp.version = resp.version.replace(/-.*$/, '');","    return resp;","  },","  loadPackageJsonFromResources: function(done) {","    var src = path.join(this.resources, 'app', 'package.json');","    fs.readFile(src, function(err, buf) {","      if (err) return done(err);","","      done(null, JSON.parse(buf));","    });","  },","  loadPackageJson: function(done) {","    if (!this.asar) {","      return this.loadPackageJsonFromResources(done);","    }","    fs.exists(this.asar, function(exists) {","      if (exists) {","        done(null, JSON.parse(asar.extractFile(this.asar, 'package.json')));","      } else {","        this.loadPackageJsonFromResources(done);","      }","    }.bind(this));","  },","  sync: function(method, model, options) {","    this.path = options.path;","    this.out = options.out;","    var done = createSyncErrback(method, model, options);","","    var overrides = clone(options);","    delete overrides.parse;","    delete overrides.path;","    debug('sync called w/ overrides', JSON.stringify(overrides, null, 2));","","    this.loadPackageJson(function(err, data) {","      if (err) {","        debug('error loading package json', err);","        return done(err);","      }","      var res = assign(data, overrides);","      done(null, res);","    });","  },","  initialize: function(opts, fn) {","    if (typeof opts === 'string') {","      opts = {","        path: opts","      };","    }","    if (!fn) return;","","    if (!opts.path) {","      process.nextTick(function() {","        fn(new TypeError('Missing required `path` param.'));","      });","      return;","    }","","    if (!opts.out) {","      opts.out = path.resolve(opts.path, '..');","    }","","    this.on('sync', function(model) {","      debug('loaded model', JSON.stringify(model.toJSON(), null, 2));","      fn(null, model);","    });","    this.on('error', function(model, err) {","      debug('error fetching model', err);","      fn(err);","    });","    debug('fetching app model');","    this.fetch(opts);","  },","  serialize: function() {","    var res = this.getAttributes({","      props: true,","      derived: true","    }, true);","    each(this._children, function(value, key) {","      res[key] = this[key].serialize();","    }, this);","    each(this._collections, function(value, key) {","      res[key] = this[key].serialize();","    }, this);","    return res;","  }","});","","module.exports = App;",""],"l":{"1":1,"2":1,"3":1,"4":1,"5":1,"6":1,"7":1,"8":1,"9":1,"10":1,"11":1,"13":1,"16":1,"34":0,"60":0,"61":0,"67":0,"68":0,"74":0,"75":0,"81":0,"87":0,"92":0,"93":0,"94":0,"95":0,"97":0,"98":0,"100":0,"101":0,"104":0,"105":0,"106":0,"109":0,"110":0,"113":0,"114":0,"117":0,"118":0,"119":0,"122":0,"123":0,"126":0,"127":0,"130":0,"131":0,"134":0,"135":0,"138":0,"139":0,"140":0,"142":0,"146":0,"147":0,"149":0,"150":0,"151":0,"153":0,"158":0,"159":0,"160":0,"162":0,"163":0,"164":0,"165":0,"167":0,"168":0,"169":0,"170":0,"172":0,"173":0,"177":1,"178":0,"182":1,"184":1,"185":1,"186":1,"188":1,"191":0,"192":0,"195":0,"196":0,"197":0,"199":0,"200":0,"201":0,"203":0,"204":0,"207":0,"211":0,"212":0,"214":0,"215":0,"217":0,"221":1}},"/home/travis/build/npmtest/node-npmtest-electron-installer-squirrel-windows/node_modules/electron-installer-squirrel-windows/lib/defaults.js":{"path":"/home/travis/build/npmtest/node-npmtest-electron-installer-squirrel-windows/node_modules/electron-installer-squirrel-windows/lib/defaults.js","s":{"1":1,"2":1,"3":1,"4":1,"5":1,"6":1,"7":1},"b":{},"f":{},"fnMap":{},"statementMap":{"1":{"start":{"line":1,"column":0},"end":{"line":1,"column":27}},"2":{"start":{"line":3,"column":0},"end":{"line":4,"column":49}},"3":{"start":{"line":5,"column":0},"end":{"line":5,"column":86}},"4":{"start":{"line":6,"column":0},"end":{"line":6,"column":34}},"5":{"start":{"line":8,"column":0},"end":{"line":8,"column":35}},"6":{"start":{"line":9,"column":0},"end":{"line":9,"column":41}},"7":{"start":{"line":10,"column":0},"end":{"line":10,"column":51}}},"branchMap":{},"code":["var path = require('path');","","const ICON_URL = 'https://raw.githubusercontent.com/atom/electron/'","  + 'master/atom/browser/resources/win/atom.ico';","const LOADING_GIF = path.resolve(__dirname, '..', 'resources', 'install-spinner.gif');","const ELECTRON_VERSION = '0.29.2';","","module.exports.ICON_URL = ICON_URL;","module.exports.LOADING_GIF = LOADING_GIF;","module.exports.ELECTRON_VERSION = ELECTRON_VERSION;",""],"l":{"1":1,"3":1,"5":1,"6":1,"8":1,"9":1,"10":1}},"/home/travis/build/npmtest/node-npmtest-electron-installer-squirrel-windows/node_modules/electron-installer-squirrel-windows/lib/create-sync-errback.js":{"path":"/home/travis/build/npmtest/node-npmtest-electron-installer-squirrel-windows/node_modules/electron-installer-squirrel-windows/lib/create-sync-errback.js","s":{"1":1,"2":0,"3":0,"4":0,"5":0,"6":0,"7":0,"8":0,"9":0,"10":0,"11":0,"12":0,"13":0,"14":0,"15":0,"16":0,"17":1},"b":{"1":[0,0],"2":[0,0],"3":[0,0],"4":[0,0]},"f":{"1":0,"2":0,"3":0,"4":0},"fnMap":{"1":{"name":"(anonymous_1)","line":2,"loc":{"start":{"line":2,"column":24},"end":{"line":2,"column":57}}},"2":{"name":"(anonymous_2)","line":4,"loc":{"start":{"line":4,"column":18},"end":{"line":4,"column":33}}},"3":{"name":"(anonymous_3)","line":12,"loc":{"start":{"line":12,"column":20},"end":{"line":12,"column":35}}},"4":{"name":"(anonymous_4)","line":18,"loc":{"start":{"line":18,"column":9},"end":{"line":18,"column":29}}}},"statementMap":{"1":{"start":{"line":2,"column":0},"end":{"line":25,"column":2}},"2":{"start":{"line":3,"column":2},"end":{"line":3,"column":25}},"3":{"start":{"line":4,"column":2},"end":{"line":9,"column":4}},"4":{"start":{"line":5,"column":4},"end":{"line":7,"column":5}},"5":{"start":{"line":6,"column":6},"end":{"line":6,"column":31}},"6":{"start":{"line":8,"column":4},"end":{"line":8,"column":49}},"7":{"start":{"line":11,"column":2},"end":{"line":11,"column":32}},"8":{"start":{"line":12,"column":2},"end":{"line":17,"column":4}},"9":{"start":{"line":13,"column":4},"end":{"line":13,"column":70}},"10":{"start":{"line":13,"column":57},"end":{"line":13,"column":70}},"11":{"start":{"line":14,"column":4},"end":{"line":16,"column":5}},"12":{"start":{"line":15,"column":6},"end":{"line":15,"column":36}},"13":{"start":{"line":18,"column":2},"end":{"line":24,"column":4}},"14":{"start":{"line":19,"column":4},"end":{"line":23,"column":5}},"15":{"start":{"line":20,"column":6},"end":{"line":20,"column":25}},"16":{"start":{"line":22,"column":6},"end":{"line":22,"column":28}},"17":{"start":{"line":27,"column":0},"end":{"line":27,"column":35}}},"branchMap":{"1":{"line":5,"type":"if","locations":[{"start":{"line":5,"column":4},"end":{"line":5,"column":4}},{"start":{"line":5,"column":4},"end":{"line":5,"column":4}}]},"2":{"line":13,"type":"if","locations":[{"start":{"line":13,"column":4},"end":{"line":13,"column":4}},{"start":{"line":13,"column":4},"end":{"line":13,"column":4}}]},"3":{"line":14,"type":"if","locations":[{"start":{"line":14,"column":4},"end":{"line":14,"column":4}},{"start":{"line":14,"column":4},"end":{"line":14,"column":4}}]},"4":{"line":19,"type":"if","locations":[{"start":{"line":19,"column":4},"end":{"line":19,"column":4}},{"start":{"line":19,"column":4},"end":{"line":19,"column":4}}]}},"code":["// @todo (imlucas): move this to `ampersand-sync-errback`","var createSyncErrback = function(method, model, options) {","  var fn = options.error;","  options.error = function(resp) {","    if (fn) {","      fn(model, resp, options);","    }","    model.trigger('error', model, resp, options);","  };","","  var success = options.success;","  options.success = function(resp) {","    if (!model.set(model.parse(resp, options), options)) return false;","    if (success) {","      success(model, resp, options);","    }","  };","  return function(err, resp) {","    if (err) {","      options.error(err);","    } else {","      options.success(resp);","    }","  };","};","","module.exports = createSyncErrback;",""],"l":{"2":1,"3":0,"4":0,"5":0,"6":0,"8":0,"11":0,"12":0,"13":0,"14":0,"15":0,"18":0,"19":0,"20":0,"22":0,"27":1}},"/home/travis/build/npmtest/node-npmtest-electron-installer-squirrel-windows/node_modules/electron-installer-squirrel-windows/bin/electron-installer-squirrel-windows.js":{"path":"/home/travis/build/npmtest/node-npmtest-electron-installer-squirrel-windows/node_modules/electron-installer-squirrel-windows/bin/electron-installer-squirrel-windows.js","s":{"1":1,"2":1,"3":1,"4":1,"5":1,"6":0,"7":1,"8":1,"9":1,"10":1,"11":1,"12":1,"13":1,"14":0,"15":0,"16":1,"17":1,"18":1,"19":1,"20":1,"21":0},"b":{"1":[0,1],"2":[1,0],"3":[1,1,1],"4":[0,1],"5":[1,0]},"f":{"1":1},"fnMap":{"1":{"name":"(anonymous_1)","line":28,"loc":{"start":{"line":28,"column":22},"end":{"line":28,"column":36}}}},"statementMap":{"1":{"start":{"line":3,"column":0},"end":{"line":3,"column":27}},"2":{"start":{"line":4,"column":0},"end":{"line":4,"column":23}},"3":{"start":{"line":6,"column":0},"end":{"line":6,"column":80}},"4":{"start":{"line":7,"column":0},"end":{"line":9,"column":3}},"5":{"start":{"line":11,"column":0},"end":{"line":13,"column":1}},"6":{"start":{"line":12,"column":2},"end":{"line":12,"column":60}},"7":{"start":{"line":14,"column":0},"end":{"line":14,"column":37}},"8":{"start":{"line":15,"column":0},"end":{"line":15,"column":37}},"9":{"start":{"line":17,"column":0},"end":{"line":17,"column":22}},"10":{"start":{"line":19,"column":0},"end":{"line":22,"column":1}},"11":{"start":{"line":20,"column":2},"end":{"line":20,"column":23}},"12":{"start":{"line":21,"column":2},"end":{"line":21,"column":18}},"13":{"start":{"line":23,"column":0},"end":{"line":26,"column":1}},"14":{"start":{"line":24,"column":2},"end":{"line":24,"column":29}},"15":{"start":{"line":25,"column":2},"end":{"line":25,"column":18}},"16":{"start":{"line":28,"column":0},"end":{"line":35,"column":3}},"17":{"start":{"line":29,"column":2},"end":{"line":33,"column":3}},"18":{"start":{"line":30,"column":4},"end":{"line":30,"column":23}},"19":{"start":{"line":31,"column":4},"end":{"line":31,"column":20}},"20":{"start":{"line":32,"column":4},"end":{"line":32,"column":11}},"21":{"start":{"line":34,"column":2},"end":{"line":34,"column":59}}},"branchMap":{"1":{"line":11,"type":"if","locations":[{"start":{"line":11,"column":0},"end":{"line":11,"column":0}},{"start":{"line":11,"column":0},"end":{"line":11,"column":0}}]},"2":{"line":19,"type":"if","locations":[{"start":{"line":19,"column":0},"end":{"line":19,"column":0}},{"start":{"line":19,"column":0},"end":{"line":19,"column":0}}]},"3":{"line":19,"type":"binary-expr","locations":[{"start":{"line":19,"column":4},"end":{"line":19,"column":13}},{"start":{"line":19,"column":17},"end":{"line":19,"column":23}},{"start":{"line":19,"column":27},"end":{"line":19,"column":37}}]},"4":{"line":23,"type":"if","locations":[{"start":{"line":23,"column":0},"end":{"line":23,"column":0}},{"start":{"line":23,"column":0},"end":{"line":23,"column":0}}]},"5":{"line":29,"type":"if","locations":[{"start":{"line":29,"column":2},"end":{"line":29,"column":2}},{"start":{"line":29,"column":2},"end":{"line":29,"column":2}}]}},"code":["//#!/usr/bin/env node","","var path = require('path');","var fs = require('fs');","/*eslint no-sync:0*/","var usage = fs.readFileSync(path.resolve(__dirname, '../usage.txt')).toString();","var args = require('minimist')(process.argv.slice(2), {","  boolean: ['debug', 'overwrite']","});","","if (args.debug) {","  process.env.DEBUG = 'electron-installer-squirrel-windows';","}","var createInstaller = require('../');","var pkg = require('../package.json');","","args.path = args._[0];","","if (args.help || args.h || !args.path) {","  console.error(usage);","  process.exit(1);","}","if (args.version) {","  console.error(pkg.version);","  process.exit(1);","}","","createInstaller(args, function(err) {","  if (err) {","    console.error(err);","    process.exit(1);","    return;","  }","  console.error('Wrote Setup.exe to:\\n' + args.setup_path);","});",""],"l":{"3":1,"4":1,"6":1,"7":1,"11":1,"12":0,"14":1,"15":1,"17":1,"19":1,"20":1,"21":1,"23":1,"24":0,"25":0,"28":1,"29":1,"30":1,"31":1,"32":1,"34":0}}}